Fri Aug 30 16:25:03 2019:license key is:EWE1-2SGU-ATIE-IMQR

Fri Aug 30 16:25:03 2019:license file path is:D:\_ruanhaoyu\Assets\Baidu_Face_Offline_SDK_Windows_Csharp\testface\bin\x64\license.ini

Fri Aug 30 16:25:03 2019:auth result in dll is success

Fri Aug 30 16:25:03 2019:db path is:D:\_ruanhaoyu\Assets\Baidu_Face_Offline_SDK_Windows_Csharp\testface\bin\x64\db\face.db and begin create tables

Fri Aug 30 16:25:05 2019:in sdk init create_db

Fri Aug 30 16:25:05 2019:out BaiduFaceApi::sdk_init and init success

Fri Aug 30 16:28:47 2019:license key is:EWE1-2SGU-ATIE-IMQR

Fri Aug 30 16:28:47 2019:license file path is:D:\_ruanhaoyu\Assets\Baidu_Face_Offline_SDK_Windows_Csharp\testface\bin\x64\license.ini

Fri Aug 30 16:28:47 2019:auth result in dll is success

Fri Aug 30 16:28:47 2019:db path is:D:\_ruanhaoyu\Assets\Baidu_Face_Offline_SDK_Windows_Csharp\testface\bin\x64\db\face.db and db already exist

Fri Aug 30 16:28:47 2019:in sdk init create_db

Fri Aug 30 16:28:47 2019:out BaiduFaceApi::sdk_init and init success

Fri Aug 30 16:30:15 2019:license key is:EWE1-2SGU-ATIE-IMQR

Fri Aug 30 16:30:15 2019:license file path is:D:\_ruanhaoyu\Assets\Baidu_Face_Offline_SDK_Windows_Csharp\testface\bin\x64\license.ini

Fri Aug 30 16:30:15 2019:auth result in dll is success

Fri Aug 30 16:30:15 2019:db path is:D:\_ruanhaoyu\Assets\Baidu_Face_Offline_SDK_Windows_Csharp\testface\bin\x64\db\face.db and db already exist

Fri Aug 30 16:30:15 2019:in sdk init create_db

Fri Aug 30 16:30:15 2019:out BaiduFaceApi::sdk_init and init success

Fri Aug 30 16:35:30 2019:sdk_init fail for face-resource not exist

Fri Aug 30 16:35:53 2019:license key is:EWE1-2SGU-ATIE-IMQR

Fri Aug 30 16:35:53 2019:license file path is:D:\_ruanhaoyu\Assets\Baidu_Face_Offline_SDK_Windows_Csharp\testface\bin\x64\license.ini

Fri Aug 30 16:35:53 2019:auth result in dll is success

Fri Aug 30 16:35:53 2019:db path is:D:\_ruanhaoyu\Assets\Baidu_Face_Offline_SDK_Windows_Csharp\testface\bin\x64\db\face.db and db already exist

Fri Aug 30 16:35:53 2019:in sdk init create_db

Fri Aug 30 16:35:53 2019:out BaiduFaceApi::sdk_init and init success

Fri Aug 30 16:42:54 2019:license key is:EWE1-2SGU-ATIE-IMQR

Fri Aug 30 16:42:54 2019:license file path is:D:\_ruanhaoyu\Assets\Baidu_Face_Offline_SDK_Windows_Csharp\testface\bin\x64\license.ini

Fri Aug 30 16:42:54 2019:auth result in dll is success

Fri Aug 30 16:42:54 2019:db path is:D:\_ruanhaoyu\Assets\Baidu_Face_Offline_SDK_Windows_Csharp\testface\bin\x64\db\face.db and db already exist

Fri Aug 30 16:42:54 2019:in sdk init create_db

Fri Aug 30 16:42:54 2019:out BaiduFaceApi::sdk_init and init success

Fri Aug 30 16:43:53 2019:license key is:EWE1-2SGU-ATIE-IMQR

Fri Aug 30 16:43:53 2019:license file path is:D:\_ruanhaoyu\Assets\Baidu_Face_Offline_SDK_Windows_Csharp\testface\bin\x64\license.ini

Fri Aug 30 16:43:53 2019:auth result in dll is success

Fri Aug 30 16:43:53 2019:db path is:D:\_ruanhaoyu\Assets\Baidu_Face_Offline_SDK_Windows_Csharp\testface\bin\x64\db\face.db and db already exist

Fri Aug 30 16:43:53 2019:in sdk init create_db

Fri Aug 30 16:43:53 2019:out BaiduFaceApi::sdk_init and init success

Fri Aug 30 16:45:29 2019:license key is:EWE1-2SGU-ATIE-IMQR

Fri Aug 30 16:45:29 2019:license file path is:D:\_ruanhaoyu\Assets\Baidu_Face_Offline_SDK_Windows_Csharp\testface\bin\x64\license.ini

Fri Aug 30 16:45:29 2019:auth result in dll is success

Fri Aug 30 16:45:29 2019:db path is:D:\_ruanhaoyu\Assets\Baidu_Face_Offline_SDK_Windows_Csharp\testface\bin\x64\db\face.db and db already exist

Fri Aug 30 16:45:29 2019:in sdk init create_db

Fri Aug 30 16:45:29 2019:out BaiduFaceApi::sdk_init and init success

Fri Aug 30 16:49:53 2019:license key is:EWE1-2SGU-ATIE-IMQR

Fri Aug 30 16:49:53 2019:license file path is:D:\_ruanhaoyu\Assets\Baidu_Face_Offline_SDK_Windows_Csharp\testface\bin\x64\license.ini

Fri Aug 30 16:49:53 2019:auth result in dll is success

Fri Aug 30 16:49:53 2019:db path is:D:\_ruanhaoyu\Assets\Baidu_Face_Offline_SDK_Windows_Csharp\testface\bin\x64\db\face.db and db already exist

Fri Aug 30 16:49:53 2019:in sdk init create_db

Fri Aug 30 16:49:53 2019:out BaiduFaceApi::sdk_init and init success

Fri Aug 30 19:54:36 2019:license key is:EWE1-2SGU-ATIE-IMQR

Fri Aug 30 19:54:36 2019:license file path is:D:\_ruanhaoyu\Test\BaiduFaceID_Offline_SDK_Test\Assets\Plugins\x64\license.ini

Fri Aug 30 19:54:36 2019:auth result in dll is success

Fri Aug 30 19:54:36 2019:db path is:D:\_ruanhaoyu\Test\BaiduFaceID_Offline_SDK_Test\Assets\Plugins\x64\db\face.db and db already exist

Fri Aug 30 19:54:36 2019:in sdk init create_db

Fri Aug 30 19:54:36 2019:out BaiduFaceApi::sdk_init and init success

Mon Sep  2 10:55:44 2019:license key is:EWE1-2SGU-ATIE-IMQR

Mon Sep  2 10:55:44 2019:license file path is:D:\_ruanhaoyu\Test\BaiduFaceID_Offline_SDK_Test\Assets\Plugins\x64\license.ini

Mon Sep  2 10:55:44 2019:auth result in dll is success

Mon Sep  2 10:55:44 2019:db path is:D:\_ruanhaoyu\Test\BaiduFaceID_Offline_SDK_Test\Assets\Plugins\x64\db\face.db and db already exist

Mon Sep  2 10:55:44 2019:in sdk init create_db

Mon Sep  2 10:55:44 2019:out BaiduFaceApi::sdk_init and init success

Mon Sep  2 10:58:19 2019:license key is:EWE1-2SGU-ATIE-IMQR

Mon Sep  2 10:58:19 2019:license file path is:D:\_ruanhaoyu\Test\BaiduFaceID_Offline_SDK_Test\Assets\Plugins\x64\license.ini

Mon Sep  2 10:58:19 2019:auth result in dll is success

Mon Sep  2 10:58:19 2019:db path is:D:\_ruanhaoyu\Test\BaiduFaceID_Offline_SDK_Test\Assets\Plugins\x64\db\face.db and db already exist

Mon Sep  2 10:58:19 2019:in sdk init create_db

Mon Sep  2 10:58:19 2019:out BaiduFaceApi::sdk_init and init success

Mon Sep  2 11:59:22 2019:license key is:EWE1-2SGU-ATIE-IMQR

Mon Sep  2 11:59:22 2019:license file path is:D:\_ruanhaoyu\Test\BaiduFaceID_Offline_SDK_Test\Assets\Plugins\x64\license.ini

Mon Sep  2 11:59:22 2019:auth result in dll is success

Mon Sep  2 11:59:22 2019:db path is:D:\_ruanhaoyu\Test\BaiduFaceID_Offline_SDK_Test\Assets\Plugins\x64\db\face.db and db already exist

Mon Sep  2 11:59:22 2019:in sdk init create_db

Mon Sep  2 11:59:22 2019:out BaiduFaceApi::sdk_init and init success

Mon Sep  2 13:07:32 2019:license key is:EWE1-2SGU-ATIE-IMQR

Mon Sep  2 13:07:32 2019:license file path is:D:\_ruanhaoyu\Test\BaiduFaceID_Offline_SDK_Test\Assets\Plugins\x64\license.ini

Mon Sep  2 13:07:32 2019:auth result in dll is success

Mon Sep  2 13:07:32 2019:db path is:D:\_ruanhaoyu\Test\BaiduFaceID_Offline_SDK_Test\Assets\Plugins\x64\db\face.db and db already exist

Mon Sep  2 13:07:32 2019:in sdk init create_db

Mon Sep  2 13:07:32 2019:out BaiduFaceApi::sdk_init and init success

Mon Sep  2 16:35:15 2019:license key is:EWE1-2SGU-ATIE-IMQR

Mon Sep  2 16:35:15 2019:license file path is:D:\_ruanhaoyu\Test\BaiduFaceID_Offline_SDK_Test\Assets\Plugins\x64\license.ini

Mon Sep  2 16:35:15 2019:auth result in dll is success

Mon Sep  2 16:35:15 2019:db path is:D:\_ruanhaoyu\Test\BaiduFaceID_Offline_SDK_Test\Assets\Plugins\x64\db\face.db and db already exist

Mon Sep  2 16:35:15 2019:in sdk init create_db

Mon Sep  2 16:35:15 2019:out BaiduFaceApi::sdk_init and init success

Mon Sep  2 16:46:50 2019:license key is:EWE1-2SGU-ATIE-IMQR

Mon Sep  2 16:46:50 2019:license file path is:D:\_ruanhaoyu\Test\BaiduFaceID_Offline_SDK_Test\Assets\Plugins\x64\license.ini

Mon Sep  2 16:46:50 2019:auth result in dll is success

Mon Sep  2 16:46:50 2019:db path is:D:\_ruanhaoyu\Test\BaiduFaceID_Offline_SDK_Test\Assets\Plugins\x64\db\face.db and db already exist

Mon Sep  2 16:46:50 2019:in sdk init create_db

Mon Sep  2 16:46:50 2019:out BaiduFaceApi::sdk_init and init success

Mon Sep  2 16:47:00 2019:license key is:EWE1-2SGU-ATIE-IMQR

Mon Sep  2 16:47:00 2019:license file path is:D:\_ruanhaoyu\Test\BaiduFaceID_Offline_SDK_Test\Assets\Plugins\x64\license.ini

Mon Sep  2 16:47:00 2019:auth result in dll is success

Mon Sep  2 16:47:00 2019:db path is:D:\_ruanhaoyu\Test\BaiduFaceID_Offline_SDK_Test\Assets\Plugins\x64\db\face.db and db already exist

Mon Sep  2 16:47:00 2019:in sdk init create_db

Mon Sep  2 16:47:00 2019:out BaiduFaceApi::sdk_init and init success

Mon Sep  2 16:58:13 2019:license key is:EWE1-2SGU-ATIE-IMQR

Mon Sep  2 16:58:13 2019:license file path is:D:\_ruanhaoyu\Test\BaiduFaceID_Offline_SDK_Test\Assets\Plugins\x64\license.ini

Mon Sep  2 16:58:13 2019:auth result in dll is success

Mon Sep  2 16:58:13 2019:db path is:D:\_ruanhaoyu\Test\BaiduFaceID_Offline_SDK_Test\Assets\Plugins\x64\db\face.db and db already exist

Mon Sep  2 16:58:13 2019:in sdk init create_db

Mon Sep  2 16:58:13 2019:out BaiduFaceApi::sdk_init and init success

Mon Sep  2 16:58:53 2019:license key is:EWE1-2SGU-ATIE-IMQR

Mon Sep  2 16:58:53 2019:license file path is:D:\_ruanhaoyu\Test\BaiduFaceID_Offline_SDK_Test\Assets\Plugins\x64\license.ini

Mon Sep  2 16:58:53 2019:auth result in dll is success

Mon Sep  2 16:58:53 2019:db path is:D:\_ruanhaoyu\Test\BaiduFaceID_Offline_SDK_Test\Assets\Plugins\x64\db\face.db and db already exist

Mon Sep  2 16:58:53 2019:in sdk init create_db

Mon Sep  2 16:58:53 2019:out BaiduFaceApi::sdk_init and init success

Mon Sep  2 17:05:56 2019:license key is:EWE1-2SGU-ATIE-IMQR

Mon Sep  2 17:05:56 2019:license file path is:D:\_ruanhaoyu\Test\BaiduFaceID_Offline_SDK_Test\Assets\Plugins\x64\license.ini

Mon Sep  2 17:05:56 2019:auth result in dll is success

Mon Sep  2 17:05:56 2019:db path is:D:\_ruanhaoyu\Test\BaiduFaceID_Offline_SDK_Test\Assets\Plugins\x64\db\face.db and db already exist

Mon Sep  2 17:05:56 2019:in sdk init create_db

Mon Sep  2 17:05:56 2019:out BaiduFaceApi::sdk_init and init success

Mon Sep  2 18:03:17 2019:license key is:EWE1-2SGU-ATIE-IMQR

Mon Sep  2 18:03:17 2019:license file path is:D:\_ruanhaoyu\Test\BaiduFaceID_Offline_SDK_Test\Assets\Plugins\x64\license.ini

Mon Sep  2 18:03:17 2019:auth result in dll is success

Mon Sep  2 18:03:17 2019:db path is:D:\_ruanhaoyu\Test\BaiduFaceID_Offline_SDK_Test\Assets\Plugins\x64\db\face.db and db already exist

Mon Sep  2 18:03:17 2019:in sdk init create_db

Mon Sep  2 18:03:17 2019:out BaiduFaceApi::sdk_init and init success

Mon Sep  2 18:05:12 2019:license key is:EWE1-2SGU-ATIE-IMQR

Mon Sep  2 18:05:12 2019:license file path is:D:\_ruanhaoyu\Test\BaiduFaceID_Offline_SDK_Test\Assets\Plugins\x64\license.ini

Mon Sep  2 18:05:12 2019:auth result in dll is success

Mon Sep  2 18:05:12 2019:db path is:D:\_ruanhaoyu\Test\BaiduFaceID_Offline_SDK_Test\Assets\Plugins\x64\db\face.db and db already exist

Mon Sep  2 18:05:12 2019:in sdk init create_db

Mon Sep  2 18:05:12 2019:out BaiduFaceApi::sdk_init and init success

Mon Sep  2 18:06:21 2019:license key is:EWE1-2SGU-ATIE-IMQR

Mon Sep  2 18:06:21 2019:license file path is:D:\_ruanhaoyu\Test\BaiduFaceID_Offline_SDK_Test\Assets\Plugins\x64\license.ini

Mon Sep  2 18:06:21 2019:auth result in dll is success

Mon Sep  2 18:06:21 2019:db path is:D:\_ruanhaoyu\Test\BaiduFaceID_Offline_SDK_Test\Assets\Plugins\x64\db\face.db and db already exist

Mon Sep  2 18:06:21 2019:in sdk init create_db

Mon Sep  2 18:06:21 2019:out BaiduFaceApi::sdk_init and init success

Mon Sep  2 18:07:01 2019:license key is:EWE1-2SGU-ATIE-IMQR

Mon Sep  2 18:07:01 2019:license file path is:D:\_ruanhaoyu\Test\BaiduFaceID_Offline_SDK_Test\Assets\Plugins\x64\license.ini

Mon Sep  2 18:07:01 2019:auth result in dll is success

Mon Sep  2 18:07:01 2019:db path is:D:\_ruanhaoyu\Test\BaiduFaceID_Offline_SDK_Test\Assets\Plugins\x64\db\face.db and db already exist

Mon Sep  2 18:07:01 2019:in sdk init create_db

Mon Sep  2 18:07:01 2019:out BaiduFaceApi::sdk_init and init success

Mon Sep  2 18:08:43 2019:license key is:EWE1-2SGU-ATIE-IMQR

Mon Sep  2 18:08:43 2019:license file path is:D:\_ruanhaoyu\Test\BaiduFaceID_Offline_SDK_Test\Assets\Plugins\x64\license.ini

Mon Sep  2 18:08:43 2019:auth result in dll is success

Mon Sep  2 18:08:43 2019:db path is:D:\_ruanhaoyu\Test\BaiduFaceID_Offline_SDK_Test\Assets\Plugins\x64\db\face.db and db already exist

Mon Sep  2 18:08:43 2019:in sdk init create_db

Mon Sep  2 18:08:43 2019:out BaiduFaceApi::sdk_init and init success

Mon Sep  2 18:13:06 2019:license key is:EWE1-2SGU-ATIE-IMQR

Mon Sep  2 18:13:06 2019:license file path is:D:\_ruanhaoyu\Test\BaiduFaceID_Offline_SDK_Test\Assets\Plugins\x64\license.ini

Mon Sep  2 18:13:06 2019:auth result in dll is success

Mon Sep  2 18:13:06 2019:db path is:D:\_ruanhaoyu\Test\BaiduFaceID_Offline_SDK_Test\Assets\Plugins\x64\db\face.db and db already exist

Mon Sep  2 18:13:06 2019:in sdk init create_db

Mon Sep  2 18:13:06 2019:out BaiduFaceApi::sdk_init and init success

Mon Sep  2 18:14:17 2019:license key is:EWE1-2SGU-ATIE-IMQR

Mon Sep  2 18:14:17 2019:license file path is:D:\_ruanhaoyu\Test\BaiduFaceID_Offline_SDK_Test\Assets\Plugins\x64\license.ini

Mon Sep  2 18:14:17 2019:auth result in dll is success

Mon Sep  2 18:14:17 2019:db path is:D:\_ruanhaoyu\Test\BaiduFaceID_Offline_SDK_Test\Assets\Plugins\x64\db\face.db and db already exist

Mon Sep  2 18:14:17 2019:in sdk init create_db

Mon Sep  2 18:14:17 2019:out BaiduFaceApi::sdk_init and init success

Mon Sep  2 18:21:25 2019:license key is:EWE1-2SGU-ATIE-IMQR

Mon Sep  2 18:21:25 2019:license file path is:D:\_ruanhaoyu\Test\BaiduFaceID_Offline_SDK_Test\Assets\Plugins\x64\license.ini

Mon Sep  2 18:21:25 2019:auth result in dll is success

Mon Sep  2 18:21:25 2019:db path is:D:\_ruanhaoyu\Test\BaiduFaceID_Offline_SDK_Test\Assets\Plugins\x64\db\face.db and db already exist

Mon Sep  2 18:21:25 2019:in sdk init create_db

Mon Sep  2 18:21:25 2019:out BaiduFaceApi::sdk_init and init success

Mon Sep  2 18:22:17 2019:license key is:EWE1-2SGU-ATIE-IMQR

Mon Sep  2 18:22:17 2019:license file path is:D:\_ruanhaoyu\Test\BaiduFaceID_Offline_SDK_Test\Assets\Plugins\x64\license.ini

Mon Sep  2 18:22:17 2019:auth result in dll is success

Mon Sep  2 18:22:17 2019:db path is:D:\_ruanhaoyu\Test\BaiduFaceID_Offline_SDK_Test\Assets\Plugins\x64\db\face.db and db already exist

Mon Sep  2 18:22:17 2019:in sdk init create_db

Mon Sep  2 18:22:17 2019:out BaiduFaceApi::sdk_init and init success

Mon Sep  2 18:23:03 2019:license key is:EWE1-2SGU-ATIE-IMQR

Mon Sep  2 18:23:03 2019:license file path is:D:\_ruanhaoyu\Test\BaiduFaceID_Offline_SDK_Test\Assets\Plugins\x64\license.ini

Mon Sep  2 18:23:03 2019:auth result in dll is success

Mon Sep  2 18:23:03 2019:db path is:D:\_ruanhaoyu\Test\BaiduFaceID_Offline_SDK_Test\Assets\Plugins\x64\db\face.db and db already exist

Mon Sep  2 18:23:03 2019:in sdk init create_db

Mon Sep  2 18:23:03 2019:out BaiduFaceApi::sdk_init and init success

Mon Sep  2 18:24:57 2019:license key is:EWE1-2SGU-ATIE-IMQR

Mon Sep  2 18:24:57 2019:license file path is:D:\_ruanhaoyu\Test\BaiduFaceID_Offline_SDK_Test\Assets\Plugins\x64\license.ini

Mon Sep  2 18:24:57 2019:auth result in dll is success

Mon Sep  2 18:24:57 2019:db path is:D:\_ruanhaoyu\Test\BaiduFaceID_Offline_SDK_Test\Assets\Plugins\x64\db\face.db and db already exist

Mon Sep  2 18:24:57 2019:in sdk init create_db

Mon Sep  2 18:24:57 2019:out BaiduFaceApi::sdk_init and init success

Mon Sep  2 18:26:11 2019:license key is:EWE1-2SGU-ATIE-IMQR

Mon Sep  2 18:26:11 2019:license file path is:D:\_ruanhaoyu\Test\BaiduFaceID_Offline_SDK_Test\Assets\Plugins\x64\license.ini

Mon Sep  2 18:26:11 2019:auth result in dll is success

Mon Sep  2 18:26:11 2019:db path is:D:\_ruanhaoyu\Test\BaiduFaceID_Offline_SDK_Test\Assets\Plugins\x64\db\face.db and db already exist

Mon Sep  2 18:26:11 2019:in sdk init create_db

Mon Sep  2 18:26:11 2019:out BaiduFaceApi::sdk_init and init success

Mon Sep  2 20:00:13 2019:license key is:EWE1-2SGU-ATIE-IMQR

Mon Sep  2 20:00:13 2019:license file path is:D:\_ruanhaoyu\Test\BaiduFaceID_Offline_SDK_Test\Assets\Plugins\x64\license.ini

Mon Sep  2 20:00:13 2019:auth result in dll is success

Mon Sep  2 20:00:13 2019:db path is:D:\_ruanhaoyu\Test\BaiduFaceID_Offline_SDK_Test\Assets\Plugins\x64\db\face.db and db already exist

Mon Sep  2 20:00:13 2019:in sdk init create_db

Mon Sep  2 20:00:13 2019:out BaiduFaceApi::sdk_init and init success

Mon Sep  2 20:01:52 2019:license key is:EWE1-2SGU-ATIE-IMQR

Mon Sep  2 20:01:52 2019:license file path is:D:\_ruanhaoyu\Test\BaiduFaceID_Offline_SDK_Test\Assets\Plugins\x64\license.ini

Mon Sep  2 20:01:52 2019:auth result in dll is success

Mon Sep  2 20:01:52 2019:db path is:D:\_ruanhaoyu\Test\BaiduFaceID_Offline_SDK_Test\Assets\Plugins\x64\db\face.db and db already exist

Mon Sep  2 20:01:52 2019:in sdk init create_db

Mon Sep  2 20:01:52 2019:out BaiduFaceApi::sdk_init and init success

Tue Sep  3 10:21:35 2019:license key is:EWE1-2SGU-ATIE-IMQR

Tue Sep  3 10:21:35 2019:license file path is:D:\_ruanhaoyu\Test\BaiduFaceID_Offline_SDK_Test\Assets\Plugins\x64\license.ini

Tue Sep  3 10:21:35 2019:auth result in dll is success

Tue Sep  3 10:21:35 2019:db path is:D:\_ruanhaoyu\Test\BaiduFaceID_Offline_SDK_Test\Assets\Plugins\x64\db\face.db and db already exist

Tue Sep  3 10:21:35 2019:in sdk init create_db

Tue Sep  3 10:21:35 2019:out BaiduFaceApi::sdk_init and init success

Tue Sep  3 10:23:29 2019:license key is:EWE1-2SGU-ATIE-IMQR

Tue Sep  3 10:23:29 2019:license file path is:D:\_ruanhaoyu\Test\BaiduFaceID_Offline_SDK_Test\Assets\Plugins\x64\license.ini

Tue Sep  3 10:23:29 2019:auth result in dll is success

Tue Sep  3 10:23:29 2019:db path is:D:\_ruanhaoyu\Test\BaiduFaceID_Offline_SDK_Test\Assets\Plugins\x64\db\face.db and db already exist

Tue Sep  3 10:23:29 2019:in sdk init create_db

Tue Sep  3 10:23:29 2019:out BaiduFaceApi::sdk_init and init success

Tue Sep  3 10:24:17 2019:license key is:EWE1-2SGU-ATIE-IMQR

Tue Sep  3 10:24:17 2019:license file path is:D:\_ruanhaoyu\Test\BaiduFaceID_Offline_SDK_Test\Assets\Plugins\x64\license.ini

Tue Sep  3 10:24:17 2019:auth result in dll is success

Tue Sep  3 10:24:17 2019:db path is:D:\_ruanhaoyu\Test\BaiduFaceID_Offline_SDK_Test\Assets\Plugins\x64\db\face.db and db already exist

Tue Sep  3 10:24:17 2019:in sdk init create_db

Tue Sep  3 10:24:17 2019:out BaiduFaceApi::sdk_init and init success

Tue Sep  3 10:27:56 2019:license key is:EWE1-2SGU-ATIE-IMQR

Tue Sep  3 10:27:56 2019:license file path is:D:\_ruanhaoyu\Test\BaiduFaceID_Offline_SDK_Test\Assets\Plugins\x64\license.ini

Tue Sep  3 10:27:56 2019:auth result in dll is success

Tue Sep  3 10:27:56 2019:db path is:D:\_ruanhaoyu\Test\BaiduFaceID_Offline_SDK_Test\Assets\Plugins\x64\db\face.db and db already exist

Tue Sep  3 10:27:56 2019:in sdk init create_db

Tue Sep  3 10:27:56 2019:out BaiduFaceApi::sdk_init and init success

Tue Sep  3 10:28:23 2019:license key is:EWE1-2SGU-ATIE-IMQR

Tue Sep  3 10:28:23 2019:license file path is:D:\_ruanhaoyu\Test\BaiduFaceID_Offline_SDK_Test\Assets\Plugins\x64\license.ini

Tue Sep  3 10:28:23 2019:auth result in dll is success

Tue Sep  3 10:28:23 2019:db path is:D:\_ruanhaoyu\Test\BaiduFaceID_Offline_SDK_Test\Assets\Plugins\x64\db\face.db and db already exist

Tue Sep  3 10:28:23 2019:in sdk init create_db

Tue Sep  3 10:28:23 2019:out BaiduFaceApi::sdk_init and init success

Tue Sep  3 10:34:35 2019:license key is:EWE1-2SGU-ATIE-IMQR

Tue Sep  3 10:34:35 2019:license file path is:D:\_ruanhaoyu\Test\BaiduFaceID_Offline_SDK_Test\Assets\Plugins\x64\license.ini

Tue Sep  3 10:34:35 2019:auth result in dll is success

Tue Sep  3 10:34:35 2019:db path is:D:\_ruanhaoyu\Test\BaiduFaceID_Offline_SDK_Test\Assets\Plugins\x64\db\face.db and db already exist

Tue Sep  3 10:34:35 2019:in sdk init create_db

Tue Sep  3 10:34:35 2019:out BaiduFaceApi::sdk_init and init success

Tue Sep  3 10:35:52 2019:license key is:EWE1-2SGU-ATIE-IMQR

Tue Sep  3 10:35:52 2019:license file path is:D:\_ruanhaoyu\Test\BaiduFaceID_Offline_SDK_Test\Assets\Plugins\x64\license.ini

Tue Sep  3 10:35:52 2019:auth result in dll is success

Tue Sep  3 10:35:52 2019:db path is:D:\_ruanhaoyu\Test\BaiduFaceID_Offline_SDK_Test\Assets\Plugins\x64\db\face.db and db already exist

Tue Sep  3 10:35:52 2019:in sdk init create_db

Tue Sep  3 10:35:52 2019:out BaiduFaceApi::sdk_init and init success

Tue Sep  3 10:36:36 2019:license key is:EWE1-2SGU-ATIE-IMQR

Tue Sep  3 10:36:36 2019:license file path is:D:\_ruanhaoyu\Test\BaiduFaceID_Offline_SDK_Test\Assets\Plugins\x64\license.ini

Tue Sep  3 10:36:36 2019:auth result in dll is success

Tue Sep  3 10:36:36 2019:db path is:D:\_ruanhaoyu\Test\BaiduFaceID_Offline_SDK_Test\Assets\Plugins\x64\db\face.db and db already exist

Tue Sep  3 10:36:36 2019:in sdk init create_db

Tue Sep  3 10:36:36 2019:out BaiduFaceApi::sdk_init and init success

Tue Sep  3 10:38:37 2019:license key is:EWE1-2SGU-ATIE-IMQR

Tue Sep  3 10:38:37 2019:license file path is:D:\_ruanhaoyu\Test\BaiduFaceID_Offline_SDK_Test\Assets\Plugins\x64\license.ini

Tue Sep  3 10:38:37 2019:auth result in dll is success

Tue Sep  3 10:38:37 2019:db path is:D:\_ruanhaoyu\Test\BaiduFaceID_Offline_SDK_Test\Assets\Plugins\x64\db\face.db and db already exist

Tue Sep  3 10:38:37 2019:in sdk init create_db

Tue Sep  3 10:38:37 2019:out BaiduFaceApi::sdk_init and init success

Tue Sep  3 10:42:34 2019:license key is:EWE1-2SGU-ATIE-IMQR

Tue Sep  3 10:42:34 2019:license file path is:D:\_ruanhaoyu\Test\BaiduFaceID_Offline_SDK_Test\Assets\Plugins\x64\license.ini

Tue Sep  3 10:42:34 2019:auth result in dll is success

Tue Sep  3 10:42:34 2019:db path is:D:\_ruanhaoyu\Test\BaiduFaceID_Offline_SDK_Test\Assets\Plugins\x64\db\face.db and db already exist

Tue Sep  3 10:42:34 2019:in sdk init create_db

Tue Sep  3 10:42:34 2019:out BaiduFaceApi::sdk_init and init success

Tue Sep  3 10:45:15 2019:license key is:EWE1-2SGU-ATIE-IMQR

Tue Sep  3 10:45:15 2019:license file path is:D:\_ruanhaoyu\Test\BaiduFaceID_Offline_SDK_Test\Assets\Plugins\x64\license.ini

Tue Sep  3 10:45:15 2019:auth result in dll is success

Tue Sep  3 10:45:15 2019:db path is:D:\_ruanhaoyu\Test\BaiduFaceID_Offline_SDK_Test\Assets\Plugins\x64\db\face.db and db already exist

Tue Sep  3 10:45:15 2019:in sdk init create_db

Tue Sep  3 10:45:15 2019:out BaiduFaceApi::sdk_init and init success

Tue Sep  3 10:48:22 2019:license key is:EWE1-2SGU-ATIE-IMQR

Tue Sep  3 10:48:22 2019:license file path is:D:\_ruanhaoyu\Test\BaiduFaceID_Offline_SDK_Test\Assets\Plugins\x64\license.ini

Tue Sep  3 10:48:22 2019:auth result in dll is success

Tue Sep  3 10:48:22 2019:db path is:D:\_ruanhaoyu\Test\BaiduFaceID_Offline_SDK_Test\Assets\Plugins\x64\db\face.db and db already exist

Tue Sep  3 10:48:22 2019:in sdk init create_db

Tue Sep  3 10:48:22 2019:out BaiduFaceApi::sdk_init and init success

Tue Sep  3 11:39:17 2019:license key is:EWE1-2SGU-ATIE-IMQR

Tue Sep  3 11:39:17 2019:license file path is:D:\_ruanhaoyu\Test\BaiduFaceID_Offline_SDK_Test\Assets\Plugins\x64\license.ini

Tue Sep  3 11:39:17 2019:auth result in dll is success

Tue Sep  3 11:39:17 2019:db path is:D:\_ruanhaoyu\Test\BaiduFaceID_Offline_SDK_Test\Assets\Plugins\x64\db\face.db and db already exist

Tue Sep  3 11:39:17 2019:in sdk init create_db

Tue Sep  3 11:39:17 2019:out BaiduFaceApi::sdk_init and init success

Tue Sep  3 11:41:51 2019:license key is:EWE1-2SGU-ATIE-IMQR

Tue Sep  3 11:41:51 2019:license file path is:D:\_ruanhaoyu\Test\BaiduFaceID_Offline_SDK_Test\Assets\Plugins\x64\license.ini

Tue Sep  3 11:41:51 2019:auth result in dll is success

Tue Sep  3 11:41:51 2019:db path is:D:\_ruanhaoyu\Test\BaiduFaceID_Offline_SDK_Test\Assets\Plugins\x64\db\face.db and db already exist

Tue Sep  3 11:41:51 2019:in sdk init create_db

Tue Sep  3 11:41:51 2019:out BaiduFaceApi::sdk_init and init success

Tue Sep  3 12:30:09 2019:license key is:EWE1-2SGU-ATIE-IMQR

Tue Sep  3 12:30:09 2019:license file path is:D:\_ruanhaoyu\Test\BaiduFaceID_Offline_SDK_Test\Assets\Plugins\x64\license.ini

Tue Sep  3 12:30:09 2019:auth result in dll is success

Tue Sep  3 12:30:09 2019:db path is:D:\_ruanhaoyu\Test\BaiduFaceID_Offline_SDK_Test\Assets\Plugins\x64\db\face.db and db already exist

Tue Sep  3 12:30:09 2019:in sdk init create_db

Tue Sep  3 12:30:09 2019:out BaiduFaceApi::sdk_init and init success

Tue Sep  3 12:33:08 2019:license key is:EWE1-2SGU-ATIE-IMQR

Tue Sep  3 12:33:08 2019:license file path is:D:\_ruanhaoyu\Test\BaiduFaceID_Offline_SDK_Test\Assets\Plugins\x64\license.ini

Tue Sep  3 12:33:08 2019:auth result in dll is success

Tue Sep  3 12:33:08 2019:db path is:D:\_ruanhaoyu\Test\BaiduFaceID_Offline_SDK_Test\Assets\Plugins\x64\db\face.db and db already exist

Tue Sep  3 12:33:08 2019:in sdk init create_db

Tue Sep  3 12:33:08 2019:out BaiduFaceApi::sdk_init and init success

Tue Sep  3 12:34:16 2019:license key is:EWE1-2SGU-ATIE-IMQR

Tue Sep  3 12:34:16 2019:license file path is:D:\_ruanhaoyu\Test\BaiduFaceID_Offline_SDK_Test\Assets\Plugins\x64\license.ini

Tue Sep  3 12:34:16 2019:auth result in dll is success

Tue Sep  3 12:34:16 2019:db path is:D:\_ruanhaoyu\Test\BaiduFaceID_Offline_SDK_Test\Assets\Plugins\x64\db\face.db and db already exist

Tue Sep  3 12:34:16 2019:in sdk init create_db

Tue Sep  3 12:34:16 2019:out BaiduFaceApi::sdk_init and init success

Tue Sep  3 12:34:54 2019:license key is:EWE1-2SGU-ATIE-IMQR

Tue Sep  3 12:34:54 2019:license file path is:D:\_ruanhaoyu\Test\BaiduFaceID_Offline_SDK_Test\Assets\Plugins\x64\license.ini

Tue Sep  3 12:34:54 2019:auth result in dll is success

Tue Sep  3 12:34:54 2019:db path is:D:\_ruanhaoyu\Test\BaiduFaceID_Offline_SDK_Test\Assets\Plugins\x64\db\face.db and db already exist

Tue Sep  3 12:34:54 2019:in sdk init create_db

Tue Sep  3 12:34:54 2019:out BaiduFaceApi::sdk_init and init success

Tue Sep  3 12:44:59 2019:license key is:EWE1-2SGU-ATIE-IMQR

Tue Sep  3 12:44:59 2019:license file path is:D:\_ruanhaoyu\Test\BaiduFaceID_Offline_SDK_Test\Assets\Plugins\x64\license.ini

Tue Sep  3 12:44:59 2019:auth result in dll is success

Tue Sep  3 12:44:59 2019:db path is:D:\_ruanhaoyu\Test\BaiduFaceID_Offline_SDK_Test\Assets\Plugins\x64\db\face.db and db already exist

Tue Sep  3 12:44:59 2019:in sdk init create_db

Tue Sep  3 12:44:59 2019:out BaiduFaceApi::sdk_init and init success

Tue Sep  3 12:51:25 2019:license key is:EWE1-2SGU-ATIE-IMQR

Tue Sep  3 12:51:25 2019:license file path is:D:\_ruanhaoyu\Test\BaiduFaceID_Offline_SDK_Test\Assets\Plugins\x64\license.ini

Tue Sep  3 12:51:25 2019:auth result in dll is success

Tue Sep  3 12:51:25 2019:db path is:D:\_ruanhaoyu\Test\BaiduFaceID_Offline_SDK_Test\Assets\Plugins\x64\db\face.db and db already exist

Tue Sep  3 12:51:25 2019:in sdk init create_db

Tue Sep  3 12:51:25 2019:out BaiduFaceApi::sdk_init and init success

Tue Sep  3 12:55:12 2019:license key is:EWE1-2SGU-ATIE-IMQR

Tue Sep  3 12:55:12 2019:license file path is:D:\_ruanhaoyu\Test\BaiduFaceID_Offline_SDK_Test\Assets\Plugins\x64\license.ini

Tue Sep  3 12:55:12 2019:auth result in dll is success

Tue Sep  3 12:55:12 2019:db path is:D:\_ruanhaoyu\Test\BaiduFaceID_Offline_SDK_Test\Assets\Plugins\x64\db\face.db and db already exist

Tue Sep  3 12:55:12 2019:in sdk init create_db

Tue Sep  3 12:55:12 2019:out BaiduFaceApi::sdk_init and init success

Tue Sep  3 13:04:46 2019:license key is:EWE1-2SGU-ATIE-IMQR

Tue Sep  3 13:04:46 2019:license file path is:D:\_ruanhaoyu\Test\BaiduFaceID_Offline_SDK_Test\Assets\Plugins\x64\license.ini

Tue Sep  3 13:04:46 2019:auth result in dll is success

Tue Sep  3 13:04:46 2019:db path is:D:\_ruanhaoyu\Test\BaiduFaceID_Offline_SDK_Test\Assets\Plugins\x64\db\face.db and db already exist

Tue Sep  3 13:04:46 2019:in sdk init create_db

Tue Sep  3 13:04:46 2019:out BaiduFaceApi::sdk_init and init success

Tue Sep  3 13:09:23 2019:license key is:EWE1-2SGU-ATIE-IMQR

Tue Sep  3 13:09:23 2019:license file path is:D:\_ruanhaoyu\Test\BaiduFaceID_Offline_SDK_Test\Assets\Plugins\x64\license.ini

Tue Sep  3 13:09:23 2019:auth result in dll is success

Tue Sep  3 13:09:23 2019:db path is:D:\_ruanhaoyu\Test\BaiduFaceID_Offline_SDK_Test\Assets\Plugins\x64\db\face.db and db already exist

Tue Sep  3 13:09:23 2019:in sdk init create_db

Tue Sep  3 13:09:23 2019:out BaiduFaceApi::sdk_init and init success

Tue Sep  3 13:10:43 2019:license key is:EWE1-2SGU-ATIE-IMQR

Tue Sep  3 13:10:43 2019:license file path is:D:\_ruanhaoyu\Test\BaiduFaceID_Offline_SDK_Test\Assets\Plugins\x64\license.ini

Tue Sep  3 13:10:43 2019:auth result in dll is success

Tue Sep  3 13:10:43 2019:db path is:D:\_ruanhaoyu\Test\BaiduFaceID_Offline_SDK_Test\Assets\Plugins\x64\db\face.db and db already exist

Tue Sep  3 13:10:43 2019:in sdk init create_db

Tue Sep  3 13:10:43 2019:out BaiduFaceApi::sdk_init and init success

Tue Sep  3 13:13:58 2019:license key is:EWE1-2SGU-ATIE-IMQR

Tue Sep  3 13:13:58 2019:license file path is:D:\_ruanhaoyu\Test\BaiduFaceID_Offline_SDK_Test\Assets\Plugins\x64\license.ini

Tue Sep  3 13:13:58 2019:auth result in dll is success

Tue Sep  3 13:13:58 2019:db path is:D:\_ruanhaoyu\Test\BaiduFaceID_Offline_SDK_Test\Assets\Plugins\x64\db\face.db and db already exist

Tue Sep  3 13:13:58 2019:in sdk init create_db

Tue Sep  3 13:13:58 2019:out BaiduFaceApi::sdk_init and init success

Tue Sep  3 13:17:20 2019:license key is:EWE1-2SGU-ATIE-IMQR

Tue Sep  3 13:17:20 2019:license file path is:D:\_ruanhaoyu\Test\BaiduFaceID_Offline_SDK_Test\Assets\Plugins\x64\license.ini

Tue Sep  3 13:17:20 2019:auth result in dll is success

Tue Sep  3 13:17:20 2019:db path is:D:\_ruanhaoyu\Test\BaiduFaceID_Offline_SDK_Test\Assets\Plugins\x64\db\face.db and db already exist

Tue Sep  3 13:17:20 2019:in sdk init create_db

Tue Sep  3 13:17:20 2019:out BaiduFaceApi::sdk_init and init success

Tue Sep  3 13:19:53 2019:license key is:EWE1-2SGU-ATIE-IMQR

Tue Sep  3 13:19:53 2019:license file path is:D:\_ruanhaoyu\Test\BaiduFaceID_Offline_SDK_Test\Assets\Plugins\x64\license.ini

Tue Sep  3 13:19:53 2019:auth result in dll is success

Tue Sep  3 13:19:53 2019:db path is:D:\_ruanhaoyu\Test\BaiduFaceID_Offline_SDK_Test\Assets\Plugins\x64\db\face.db and db already exist

Tue Sep  3 13:19:53 2019:in sdk init create_db

Tue Sep  3 13:19:53 2019:out BaiduFaceApi::sdk_init and init success

Tue Sep  3 13:21:19 2019:license key is:EWE1-2SGU-ATIE-IMQR

Tue Sep  3 13:21:19 2019:license file path is:D:\_ruanhaoyu\Test\BaiduFaceID_Offline_SDK_Test\Assets\Plugins\x64\license.ini

Tue Sep  3 13:21:19 2019:auth result in dll is success

Tue Sep  3 13:21:19 2019:db path is:D:\_ruanhaoyu\Test\BaiduFaceID_Offline_SDK_Test\Assets\Plugins\x64\db\face.db and db already exist

Tue Sep  3 13:21:19 2019:in sdk init create_db

Tue Sep  3 13:21:19 2019:out BaiduFaceApi::sdk_init and init success

Tue Sep  3 13:23:25 2019:license key is:EWE1-2SGU-ATIE-IMQR

Tue Sep  3 13:23:25 2019:license file path is:D:\_ruanhaoyu\Test\BaiduFaceID_Offline_SDK_Test\Assets\Plugins\x64\license.ini

Tue Sep  3 13:23:25 2019:auth result in dll is success

Tue Sep  3 13:23:25 2019:db path is:D:\_ruanhaoyu\Test\BaiduFaceID_Offline_SDK_Test\Assets\Plugins\x64\db\face.db and db already exist

Tue Sep  3 13:23:25 2019:in sdk init create_db

Tue Sep  3 13:23:25 2019:out BaiduFaceApi::sdk_init and init success

Tue Sep  3 13:25:41 2019:license key is:EWE1-2SGU-ATIE-IMQR

Tue Sep  3 13:25:41 2019:license file path is:D:\_ruanhaoyu\Test\BaiduFaceID_Offline_SDK_Test\Assets\Plugins\x64\license.ini

Tue Sep  3 13:25:41 2019:auth result in dll is success

Tue Sep  3 13:25:41 2019:db path is:D:\_ruanhaoyu\Test\BaiduFaceID_Offline_SDK_Test\Assets\Plugins\x64\db\face.db and db already exist

Tue Sep  3 13:25:41 2019:in sdk init create_db

Tue Sep  3 13:25:41 2019:out BaiduFaceApi::sdk_init and init success

Tue Sep  3 13:27:12 2019:license key is:EWE1-2SGU-ATIE-IMQR

Tue Sep  3 13:27:12 2019:license file path is:D:\_ruanhaoyu\Test\BaiduFaceID_Offline_SDK_Test\Assets\Plugins\x64\license.ini

Tue Sep  3 13:27:12 2019:auth result in dll is success

Tue Sep  3 13:27:12 2019:db path is:D:\_ruanhaoyu\Test\BaiduFaceID_Offline_SDK_Test\Assets\Plugins\x64\db\face.db and db already exist

Tue Sep  3 13:27:12 2019:in sdk init create_db

Tue Sep  3 13:27:12 2019:out BaiduFaceApi::sdk_init and init success

Tue Sep  3 13:29:33 2019:license key is:EWE1-2SGU-ATIE-IMQR

Tue Sep  3 13:29:33 2019:license file path is:D:\_ruanhaoyu\Test\BaiduFaceID_Offline_SDK_Test\Assets\Plugins\x64\license.ini

Tue Sep  3 13:29:33 2019:auth result in dll is success

Tue Sep  3 13:29:33 2019:db path is:D:\_ruanhaoyu\Test\BaiduFaceID_Offline_SDK_Test\Assets\Plugins\x64\db\face.db and db already exist

Tue Sep  3 13:29:33 2019:in sdk init create_db

Tue Sep  3 13:29:33 2019:out BaiduFaceApi::sdk_init and init success

Tue Sep  3 13:30:31 2019:license key is:EWE1-2SGU-ATIE-IMQR

Tue Sep  3 13:30:31 2019:license file path is:D:\_ruanhaoyu\Test\BaiduFaceID_Offline_SDK_Test\Assets\Plugins\x64\license.ini

Tue Sep  3 13:30:31 2019:auth result in dll is success

Tue Sep  3 13:30:31 2019:db path is:D:\_ruanhaoyu\Test\BaiduFaceID_Offline_SDK_Test\Assets\Plugins\x64\db\face.db and db already exist

Tue Sep  3 13:30:31 2019:in sdk init create_db

Tue Sep  3 13:30:31 2019:out BaiduFaceApi::sdk_init and init success

Tue Sep  3 13:34:03 2019:license key is:EWE1-2SGU-ATIE-IMQR

Tue Sep  3 13:34:03 2019:license file path is:D:\_ruanhaoyu\Test\BaiduFaceID_Offline_SDK_Test\Assets\Plugins\x64\license.ini

Tue Sep  3 13:34:03 2019:auth result in dll is success

Tue Sep  3 13:34:03 2019:db path is:D:\_ruanhaoyu\Test\BaiduFaceID_Offline_SDK_Test\Assets\Plugins\x64\db\face.db and db already exist

Tue Sep  3 13:34:03 2019:in sdk init create_db

Tue Sep  3 13:34:03 2019:out BaiduFaceApi::sdk_init and init success

Tue Sep  3 13:35:50 2019:license key is:EWE1-2SGU-ATIE-IMQR

Tue Sep  3 13:35:50 2019:license file path is:D:\_ruanhaoyu\Test\BaiduFaceID_Offline_SDK_Test\Assets\Plugins\x64\license.ini

Tue Sep  3 13:35:50 2019:auth result in dll is success

Tue Sep  3 13:35:50 2019:db path is:D:\_ruanhaoyu\Test\BaiduFaceID_Offline_SDK_Test\Assets\Plugins\x64\db\face.db and db already exist

Tue Sep  3 13:35:50 2019:in sdk init create_db

Tue Sep  3 13:35:50 2019:out BaiduFaceApi::sdk_init and init success

Tue Sep  3 13:36:58 2019:license key is:EWE1-2SGU-ATIE-IMQR

Tue Sep  3 13:36:58 2019:license file path is:D:\_ruanhaoyu\Test\BaiduFaceID_Offline_SDK_Test\Assets\Plugins\x64\license.ini

Tue Sep  3 13:36:58 2019:auth result in dll is success

Tue Sep  3 13:36:58 2019:db path is:D:\_ruanhaoyu\Test\BaiduFaceID_Offline_SDK_Test\Assets\Plugins\x64\db\face.db and db already exist

Tue Sep  3 13:36:58 2019:in sdk init create_db

Tue Sep  3 13:36:58 2019:out BaiduFaceApi::sdk_init and init success

Tue Sep  3 13:43:36 2019:license key is:EWE1-2SGU-ATIE-IMQR

Tue Sep  3 13:43:36 2019:license file path is:D:\_ruanhaoyu\Test\BaiduFaceID_Offline_SDK_Test\Assets\Plugins\x64\license.ini

Tue Sep  3 13:43:36 2019:auth result in dll is success

Tue Sep  3 13:43:36 2019:db path is:D:\_ruanhaoyu\Test\BaiduFaceID_Offline_SDK_Test\Assets\Plugins\x64\db\face.db and db already exist

Tue Sep  3 13:43:36 2019:in sdk init create_db

Tue Sep  3 13:43:36 2019:out BaiduFaceApi::sdk_init and init success

Tue Sep  3 13:45:40 2019:license key is:EWE1-2SGU-ATIE-IMQR

Tue Sep  3 13:45:40 2019:license file path is:D:\_ruanhaoyu\Test\BaiduFaceID_Offline_SDK_Test\Assets\Plugins\x64\license.ini

Tue Sep  3 13:45:40 2019:auth result in dll is success

Tue Sep  3 13:45:40 2019:db path is:D:\_ruanhaoyu\Test\BaiduFaceID_Offline_SDK_Test\Assets\Plugins\x64\db\face.db and db already exist

Tue Sep  3 13:45:40 2019:in sdk init create_db

Tue Sep  3 13:45:40 2019:out BaiduFaceApi::sdk_init and init success

Tue Sep  3 13:47:46 2019:license key is:EWE1-2SGU-ATIE-IMQR

Tue Sep  3 13:47:46 2019:license file path is:D:\_ruanhaoyu\Test\BaiduFaceID_Offline_SDK_Test\Assets\Plugins\x64\license.ini

Tue Sep  3 13:47:46 2019:auth result in dll is success

Tue Sep  3 13:47:46 2019:db path is:D:\_ruanhaoyu\Test\BaiduFaceID_Offline_SDK_Test\Assets\Plugins\x64\db\face.db and db already exist

Tue Sep  3 13:47:46 2019:in sdk init create_db

Tue Sep  3 13:47:46 2019:out BaiduFaceApi::sdk_init and init success

Tue Sep  3 13:49:33 2019:license key is:EWE1-2SGU-ATIE-IMQR

Tue Sep  3 13:49:33 2019:license file path is:D:\_ruanhaoyu\Test\BaiduFaceID_Offline_SDK_Test\Assets\Plugins\x64\license.ini

Tue Sep  3 13:49:33 2019:auth result in dll is success

Tue Sep  3 13:49:33 2019:db path is:D:\_ruanhaoyu\Test\BaiduFaceID_Offline_SDK_Test\Assets\Plugins\x64\db\face.db and db already exist

Tue Sep  3 13:49:33 2019:in sdk init create_db

Tue Sep  3 13:49:33 2019:out BaiduFaceApi::sdk_init and init success

Tue Sep  3 14:31:06 2019:license key is:EWE1-2SGU-ATIE-IMQR

Tue Sep  3 14:31:06 2019:license file path is:D:\_ruanhaoyu\Test\BaiduFaceID_Offline_SDK_Test\Assets\Plugins\x64\license.ini

Tue Sep  3 14:31:06 2019:auth result in dll is success

Tue Sep  3 14:31:06 2019:db path is:D:\_ruanhaoyu\Test\BaiduFaceID_Offline_SDK_Test\Assets\Plugins\x64\db\face.db and db already exist

Tue Sep  3 14:31:06 2019:in sdk init create_db

Tue Sep  3 14:31:06 2019:out BaiduFaceApi::sdk_init and init success

Tue Sep  3 14:33:07 2019:license key is:EWE1-2SGU-ATIE-IMQR

Tue Sep  3 14:33:07 2019:license file path is:D:\_ruanhaoyu\Test\BaiduFaceID_Offline_SDK_Test\Assets\Plugins\x64\license.ini

Tue Sep  3 14:33:07 2019:auth result in dll is success

Tue Sep  3 14:33:07 2019:db path is:D:\_ruanhaoyu\Test\BaiduFaceID_Offline_SDK_Test\Assets\Plugins\x64\db\face.db and db already exist

Tue Sep  3 14:33:07 2019:in sdk init create_db

Tue Sep  3 14:33:07 2019:out BaiduFaceApi::sdk_init and init success

Tue Sep  3 14:34:40 2019:license key is:EWE1-2SGU-ATIE-IMQR

Tue Sep  3 14:34:40 2019:license file path is:D:\_ruanhaoyu\Test\BaiduFaceID_Offline_SDK_Test\Assets\Plugins\x64\license.ini

Tue Sep  3 14:34:40 2019:auth result in dll is success

Tue Sep  3 14:34:40 2019:db path is:D:\_ruanhaoyu\Test\BaiduFaceID_Offline_SDK_Test\Assets\Plugins\x64\db\face.db and db already exist

Tue Sep  3 14:34:40 2019:in sdk init create_db

Tue Sep  3 14:34:40 2019:out BaiduFaceApi::sdk_init and init success

Tue Sep  3 14:37:30 2019:license key is:EWE1-2SGU-ATIE-IMQR

Tue Sep  3 14:37:30 2019:license file path is:D:\_ruanhaoyu\Test\BaiduFaceID_Offline_SDK_Test\Assets\Plugins\x64\license.ini

Tue Sep  3 14:37:30 2019:auth result in dll is success

Tue Sep  3 14:37:30 2019:db path is:D:\_ruanhaoyu\Test\BaiduFaceID_Offline_SDK_Test\Assets\Plugins\x64\db\face.db and db already exist

Tue Sep  3 14:37:30 2019:in sdk init create_db

Tue Sep  3 14:37:30 2019:out BaiduFaceApi::sdk_init and init success

Tue Sep  3 14:40:47 2019:license key is:EWE1-2SGU-ATIE-IMQR

Tue Sep  3 14:40:47 2019:license file path is:D:\_ruanhaoyu\Test\BaiduFaceID_Offline_SDK_Test\Assets\Plugins\x64\license.ini

Tue Sep  3 14:40:47 2019:auth result in dll is success

Tue Sep  3 14:40:47 2019:db path is:D:\_ruanhaoyu\Test\BaiduFaceID_Offline_SDK_Test\Assets\Plugins\x64\db\face.db and db already exist

Tue Sep  3 14:40:47 2019:in sdk init create_db

Tue Sep  3 14:40:47 2019:out BaiduFaceApi::sdk_init and init success

Tue Sep  3 14:41:38 2019:license key is:EWE1-2SGU-ATIE-IMQR

Tue Sep  3 14:41:38 2019:license file path is:D:\_ruanhaoyu\Test\BaiduFaceID_Offline_SDK_Test\Assets\Plugins\x64\license.ini

Tue Sep  3 14:41:38 2019:auth result in dll is success

Tue Sep  3 14:41:38 2019:db path is:D:\_ruanhaoyu\Test\BaiduFaceID_Offline_SDK_Test\Assets\Plugins\x64\db\face.db and db already exist

Tue Sep  3 14:41:38 2019:in sdk init create_db

Tue Sep  3 14:41:38 2019:out BaiduFaceApi::sdk_init and init success

Tue Sep  3 14:48:04 2019:license key is:EWE1-2SGU-ATIE-IMQR

Tue Sep  3 14:48:04 2019:license file path is:D:\_ruanhaoyu\Test\BaiduFaceID_Offline_SDK_Test\Assets\Plugins\x64\license.ini

Tue Sep  3 14:48:04 2019:auth result in dll is success

Tue Sep  3 14:48:04 2019:db path is:D:\_ruanhaoyu\Test\BaiduFaceID_Offline_SDK_Test\Assets\Plugins\x64\db\face.db and db already exist

Tue Sep  3 14:48:04 2019:in sdk init create_db

Tue Sep  3 14:48:04 2019:out BaiduFaceApi::sdk_init and init success

Tue Sep  3 16:47:31 2019:license key is:EWE1-2SGU-ATIE-IMQR

Tue Sep  3 16:47:31 2019:license file path is:D:\_ruanhaoyu\Test\BaiduFaceID_Offline_SDK_Test\Assets\Plugins\x64\license.ini

Tue Sep  3 16:47:31 2019:auth result in dll is success

Tue Sep  3 16:47:31 2019:db path is:D:\_ruanhaoyu\Test\BaiduFaceID_Offline_SDK_Test\Assets\Plugins\x64\db\face.db and db already exist

Tue Sep  3 16:47:31 2019:in sdk init create_db

Tue Sep  3 16:47:31 2019:out BaiduFaceApi::sdk_init and init success

Tue Sep  3 16:51:14 2019:license key is:EWE1-2SGU-ATIE-IMQR

Tue Sep  3 16:51:14 2019:license file path is:D:\_ruanhaoyu\Test\BaiduFaceID_Offline_SDK_Test\Assets\Plugins\x64\license.ini

Tue Sep  3 16:51:14 2019:auth result in dll is success

Tue Sep  3 16:51:14 2019:db path is:D:\_ruanhaoyu\Test\BaiduFaceID_Offline_SDK_Test\Assets\Plugins\x64\db\face.db and db already exist

Tue Sep  3 16:51:14 2019:in sdk init create_db

Tue Sep  3 16:51:14 2019:out BaiduFaceApi::sdk_init and init success

Tue Sep  3 16:54:41 2019:license key is:EWE1-2SGU-ATIE-IMQR

Tue Sep  3 16:54:41 2019:license file path is:D:\_ruanhaoyu\Test\BaiduFaceID_Offline_SDK_Test\Assets\Plugins\x64\license.ini

Tue Sep  3 16:54:41 2019:auth result in dll is success

Tue Sep  3 16:54:41 2019:db path is:D:\_ruanhaoyu\Test\BaiduFaceID_Offline_SDK_Test\Assets\Plugins\x64\db\face.db and db already exist

Tue Sep  3 16:54:41 2019:in sdk init create_db

Tue Sep  3 16:54:41 2019:out BaiduFaceApi::sdk_init and init success

Tue Sep  3 16:57:42 2019:license key is:EWE1-2SGU-ATIE-IMQR

Tue Sep  3 16:57:42 2019:license file path is:D:\_ruanhaoyu\Test\BaiduFaceID_Offline_SDK_Test\Assets\Plugins\x64\license.ini

Tue Sep  3 16:57:42 2019:auth result in dll is success

Tue Sep  3 16:57:42 2019:db path is:D:\_ruanhaoyu\Test\BaiduFaceID_Offline_SDK_Test\Assets\Plugins\x64\db\face.db and db already exist

Tue Sep  3 16:57:42 2019:in sdk init create_db

Tue Sep  3 16:57:42 2019:out BaiduFaceApi::sdk_init and init success

Tue Sep  3 17:05:44 2019:license key is:EWE1-2SGU-ATIE-IMQR

Tue Sep  3 17:05:44 2019:license file path is:D:\_ruanhaoyu\Test\BaiduFaceID_Offline_SDK_Test\Assets\Plugins\x64\license.ini

Tue Sep  3 17:05:44 2019:auth result in dll is success

Tue Sep  3 17:05:44 2019:db path is:D:\_ruanhaoyu\Test\BaiduFaceID_Offline_SDK_Test\Assets\Plugins\x64\db\face.db and db already exist

Tue Sep  3 17:05:44 2019:in sdk init create_db

Tue Sep  3 17:05:44 2019:out BaiduFaceApi::sdk_init and init success

Tue Sep  3 17:07:50 2019:license key is:EWE1-2SGU-ATIE-IMQR

Tue Sep  3 17:07:50 2019:license file path is:D:\_ruanhaoyu\Test\BaiduFaceID_Offline_SDK_Test\Assets\Plugins\x64\license.ini

Tue Sep  3 17:07:50 2019:auth result in dll is success

Tue Sep  3 17:07:50 2019:db path is:D:\_ruanhaoyu\Test\BaiduFaceID_Offline_SDK_Test\Assets\Plugins\x64\db\face.db and db already exist

Tue Sep  3 17:07:50 2019:in sdk init create_db

Tue Sep  3 17:07:50 2019:out BaiduFaceApi::sdk_init and init success

Tue Sep  3 17:09:16 2019:license key is:EWE1-2SGU-ATIE-IMQR

Tue Sep  3 17:09:16 2019:license file path is:D:\_ruanhaoyu\Test\BaiduFaceID_Offline_SDK_Test\Assets\Plugins\x64\license.ini

Tue Sep  3 17:09:16 2019:auth result in dll is success

Tue Sep  3 17:09:16 2019:db path is:D:\_ruanhaoyu\Test\BaiduFaceID_Offline_SDK_Test\Assets\Plugins\x64\db\face.db and db already exist

Tue Sep  3 17:09:16 2019:in sdk init create_db

Tue Sep  3 17:09:16 2019:out BaiduFaceApi::sdk_init and init success

Tue Sep  3 17:13:42 2019:license key is:EWE1-2SGU-ATIE-IMQR

Tue Sep  3 17:13:42 2019:license file path is:D:\_ruanhaoyu\Test\BaiduFaceID_Offline_SDK_Test\Assets\Plugins\x64\license.ini

Tue Sep  3 17:13:42 2019:auth result in dll is success

Tue Sep  3 17:13:42 2019:db path is:D:\_ruanhaoyu\Test\BaiduFaceID_Offline_SDK_Test\Assets\Plugins\x64\db\face.db and db already exist

Tue Sep  3 17:13:42 2019:in sdk init create_db

Tue Sep  3 17:13:42 2019:out BaiduFaceApi::sdk_init and init success

Tue Sep  3 17:18:31 2019:license key is:EWE1-2SGU-ATIE-IMQR

Tue Sep  3 17:18:31 2019:license file path is:D:\_ruanhaoyu\Test\BaiduFaceID_Offline_SDK_Test\Assets\Plugins\x64\license.ini

Tue Sep  3 17:18:31 2019:auth result in dll is success

Tue Sep  3 17:18:31 2019:db path is:D:\_ruanhaoyu\Test\BaiduFaceID_Offline_SDK_Test\Assets\Plugins\x64\db\face.db and db already exist

Tue Sep  3 17:18:31 2019:in sdk init create_db

Tue Sep  3 17:18:31 2019:out BaiduFaceApi::sdk_init and init success

Tue Sep  3 17:23:24 2019:license key is:EWE1-2SGU-ATIE-IMQR

Tue Sep  3 17:23:24 2019:license file path is:D:\_ruanhaoyu\Test\BaiduFaceID_Offline_SDK_Test\Assets\Plugins\x64\license.ini

Tue Sep  3 17:23:24 2019:auth result in dll is success

Tue Sep  3 17:23:24 2019:db path is:D:\_ruanhaoyu\Test\BaiduFaceID_Offline_SDK_Test\Assets\Plugins\x64\db\face.db and db already exist

Tue Sep  3 17:23:24 2019:in sdk init create_db

Tue Sep  3 17:23:24 2019:out BaiduFaceApi::sdk_init and init success

Tue Sep  3 17:26:14 2019:license key is:EWE1-2SGU-ATIE-IMQR

Tue Sep  3 17:26:14 2019:license file path is:D:\_ruanhaoyu\Test\BaiduFaceID_Offline_SDK_Test\Assets\Plugins\x64\license.ini

Tue Sep  3 17:26:14 2019:auth result in dll is success

Tue Sep  3 17:26:14 2019:db path is:D:\_ruanhaoyu\Test\BaiduFaceID_Offline_SDK_Test\Assets\Plugins\x64\db\face.db and db already exist

Tue Sep  3 17:26:14 2019:in sdk init create_db

Tue Sep  3 17:26:14 2019:out BaiduFaceApi::sdk_init and init success

Tue Sep  3 17:29:13 2019:license key is:EWE1-2SGU-ATIE-IMQR

Tue Sep  3 17:29:13 2019:license file path is:D:\_ruanhaoyu\Test\BaiduFaceID_Offline_SDK_Test\Assets\Plugins\x64\license.ini

Tue Sep  3 17:29:13 2019:auth result in dll is success

Tue Sep  3 17:29:13 2019:db path is:D:\_ruanhaoyu\Test\BaiduFaceID_Offline_SDK_Test\Assets\Plugins\x64\db\face.db and db already exist

Tue Sep  3 17:29:13 2019:in sdk init create_db

Tue Sep  3 17:29:13 2019:out BaiduFaceApi::sdk_init and init success

Tue Sep  3 17:32:16 2019:license key is:EWE1-2SGU-ATIE-IMQR

Tue Sep  3 17:32:16 2019:license file path is:D:\_ruanhaoyu\Test\BaiduFaceID_Offline_SDK_Test\Assets\Plugins\x64\license.ini

Tue Sep  3 17:32:16 2019:auth result in dll is success

Tue Sep  3 17:32:16 2019:db path is:D:\_ruanhaoyu\Test\BaiduFaceID_Offline_SDK_Test\Assets\Plugins\x64\db\face.db and db already exist

Tue Sep  3 17:32:16 2019:in sdk init create_db

Tue Sep  3 17:32:16 2019:out BaiduFaceApi::sdk_init and init success

Tue Sep  3 17:53:53 2019:license key is:EWE1-2SGU-ATIE-IMQR

Tue Sep  3 17:53:53 2019:license file path is:D:\_ruanhaoyu\Test\BaiduFaceID_Offline_SDK_Test\Assets\Plugins\x64\license.ini

Tue Sep  3 17:53:53 2019:auth result in dll is success

Tue Sep  3 17:53:53 2019:db path is:D:\_ruanhaoyu\Test\BaiduFaceID_Offline_SDK_Test\Assets\Plugins\x64\db\face.db and db already exist

Tue Sep  3 17:53:53 2019:in sdk init create_db

Tue Sep  3 17:53:53 2019:out BaiduFaceApi::sdk_init and init success

Tue Sep  3 17:55:14 2019:license key is:EWE1-2SGU-ATIE-IMQR

Tue Sep  3 17:55:14 2019:license file path is:D:\_ruanhaoyu\Test\BaiduFaceID_Offline_SDK_Test\Assets\Plugins\x64\license.ini

Tue Sep  3 17:55:14 2019:auth result in dll is success

Tue Sep  3 17:55:14 2019:db path is:D:\_ruanhaoyu\Test\BaiduFaceID_Offline_SDK_Test\Assets\Plugins\x64\db\face.db and db already exist

Tue Sep  3 17:55:14 2019:in sdk init create_db

Tue Sep  3 17:55:14 2019:out BaiduFaceApi::sdk_init and init success

Tue Sep  3 17:56:29 2019:license key is:EWE1-2SGU-ATIE-IMQR

Tue Sep  3 17:56:29 2019:license file path is:D:\_ruanhaoyu\Test\BaiduFaceID_Offline_SDK_Test\Assets\Plugins\x64\license.ini

Tue Sep  3 17:56:29 2019:auth result in dll is success

Tue Sep  3 17:56:29 2019:db path is:D:\_ruanhaoyu\Test\BaiduFaceID_Offline_SDK_Test\Assets\Plugins\x64\db\face.db and db already exist

Tue Sep  3 17:56:29 2019:in sdk init create_db

Tue Sep  3 17:56:29 2019:out BaiduFaceApi::sdk_init and init success

Tue Sep  3 18:01:56 2019:license key is:EWE1-2SGU-ATIE-IMQR

Tue Sep  3 18:01:56 2019:license file path is:D:\_ruanhaoyu\Test\BaiduFaceID_Offline_SDK_Test\Assets\Plugins\x64\license.ini

Tue Sep  3 18:01:56 2019:auth result in dll is success

Tue Sep  3 18:01:56 2019:db path is:D:\_ruanhaoyu\Test\BaiduFaceID_Offline_SDK_Test\Assets\Plugins\x64\db\face.db and db already exist

Tue Sep  3 18:01:56 2019:in sdk init create_db

Tue Sep  3 18:01:56 2019:out BaiduFaceApi::sdk_init and init success

Tue Sep  3 18:03:15 2019:license key is:EWE1-2SGU-ATIE-IMQR

Tue Sep  3 18:03:15 2019:license file path is:D:\_ruanhaoyu\Test\BaiduFaceID_Offline_SDK_Test\Assets\Plugins\x64\license.ini

Tue Sep  3 18:03:15 2019:auth result in dll is success

Tue Sep  3 18:03:15 2019:db path is:D:\_ruanhaoyu\Test\BaiduFaceID_Offline_SDK_Test\Assets\Plugins\x64\db\face.db and db already exist

Tue Sep  3 18:03:15 2019:in sdk init create_db

Tue Sep  3 18:03:15 2019:out BaiduFaceApi::sdk_init and init success

Tue Sep  3 18:05:36 2019:license key is:EWE1-2SGU-ATIE-IMQR

Tue Sep  3 18:05:36 2019:license file path is:D:\_ruanhaoyu\Test\BaiduFaceID_Offline_SDK_Test\Assets\Plugins\x64\license.ini

Tue Sep  3 18:05:36 2019:auth result in dll is success

Tue Sep  3 18:05:36 2019:db path is:D:\_ruanhaoyu\Test\BaiduFaceID_Offline_SDK_Test\Assets\Plugins\x64\db\face.db and db already exist

Tue Sep  3 18:05:36 2019:in sdk init create_db

Tue Sep  3 18:05:36 2019:out BaiduFaceApi::sdk_init and init success

Tue Sep  3 18:17:05 2019:license key is:EWE1-2SGU-ATIE-IMQR

Tue Sep  3 18:17:05 2019:license file path is:D:\_ruanhaoyu\Test\BaiduFaceID_Offline_SDK_Test\Assets\Plugins\x64\license.ini

Tue Sep  3 18:17:05 2019:auth result in dll is success

Tue Sep  3 18:17:05 2019:db path is:D:\_ruanhaoyu\Test\BaiduFaceID_Offline_SDK_Test\Assets\Plugins\x64\db\face.db and db already exist

Tue Sep  3 18:17:05 2019:in sdk init create_db

Tue Sep  3 18:17:05 2019:out BaiduFaceApi::sdk_init and init success

Tue Sep  3 18:20:13 2019:license key is:EWE1-2SGU-ATIE-IMQR

Tue Sep  3 18:20:13 2019:license file path is:D:\_ruanhaoyu\Test\BaiduFaceID_Offline_SDK_Test\Assets\Plugins\x64\license.ini

Tue Sep  3 18:20:13 2019:auth result in dll is success

Tue Sep  3 18:20:13 2019:db path is:D:\_ruanhaoyu\Test\BaiduFaceID_Offline_SDK_Test\Assets\Plugins\x64\db\face.db and db already exist

Tue Sep  3 18:20:13 2019:in sdk init create_db

Tue Sep  3 18:20:13 2019:out BaiduFaceApi::sdk_init and init success

Tue Sep  3 18:37:28 2019:license key is:EWE1-2SGU-ATIE-IMQR

Tue Sep  3 18:37:28 2019:license file path is:D:\_ruanhaoyu\Test\BaiduFaceID_Offline_SDK_Test\Assets\Plugins\x64\license.ini

Tue Sep  3 18:37:28 2019:auth result in dll is success

Tue Sep  3 18:37:28 2019:db path is:D:\_ruanhaoyu\Test\BaiduFaceID_Offline_SDK_Test\Assets\Plugins\x64\db\face.db and db already exist

Tue Sep  3 18:37:28 2019:in sdk init create_db

Tue Sep  3 18:37:28 2019:out BaiduFaceApi::sdk_init and init success

Tue Sep  3 18:42:56 2019:license key is:EWE1-2SGU-ATIE-IMQR

Tue Sep  3 18:42:56 2019:license file path is:D:\_ruanhaoyu\Test\BaiduFaceID_Offline_SDK_Test\Assets\Plugins\x64\license.ini

Tue Sep  3 18:42:56 2019:auth result in dll is success

Tue Sep  3 18:42:56 2019:db path is:D:\_ruanhaoyu\Test\BaiduFaceID_Offline_SDK_Test\Assets\Plugins\x64\db\face.db and db already exist

Tue Sep  3 18:42:56 2019:in sdk init create_db

Tue Sep  3 18:42:56 2019:out BaiduFaceApi::sdk_init and init success

Tue Sep  3 18:43:39 2019:license key is:EWE1-2SGU-ATIE-IMQR

Tue Sep  3 18:43:39 2019:license file path is:D:\_ruanhaoyu\Test\BaiduFaceID_Offline_SDK_Test\Assets\Plugins\x64\license.ini

Tue Sep  3 18:43:39 2019:auth result in dll is success

Tue Sep  3 18:43:39 2019:db path is:D:\_ruanhaoyu\Test\BaiduFaceID_Offline_SDK_Test\Assets\Plugins\x64\db\face.db and db already exist

Tue Sep  3 18:43:39 2019:in sdk init create_db

Tue Sep  3 18:43:39 2019:out BaiduFaceApi::sdk_init and init success

Tue Sep  3 18:45:39 2019:license key is:EWE1-2SGU-ATIE-IMQR

Tue Sep  3 18:45:39 2019:license file path is:D:\_ruanhaoyu\Test\BaiduFaceID_Offline_SDK_Test\Assets\Plugins\x64\license.ini

Tue Sep  3 18:45:39 2019:auth result in dll is success

Tue Sep  3 18:45:39 2019:db path is:D:\_ruanhaoyu\Test\BaiduFaceID_Offline_SDK_Test\Assets\Plugins\x64\db\face.db and db already exist

Tue Sep  3 18:45:39 2019:in sdk init create_db

Tue Sep  3 18:45:39 2019:out BaiduFaceApi::sdk_init and init success

Tue Sep  3 18:46:49 2019:license key is:EWE1-2SGU-ATIE-IMQR

Tue Sep  3 18:46:49 2019:license file path is:D:\_ruanhaoyu\Test\BaiduFaceID_Offline_SDK_Test\Assets\Plugins\x64\license.ini

Tue Sep  3 18:46:49 2019:auth result in dll is success

Tue Sep  3 18:46:49 2019:db path is:D:\_ruanhaoyu\Test\BaiduFaceID_Offline_SDK_Test\Assets\Plugins\x64\db\face.db and db already exist

Tue Sep  3 18:46:49 2019:in sdk init create_db

Tue Sep  3 18:46:49 2019:out BaiduFaceApi::sdk_init and init success

Tue Sep  3 18:47:16 2019:license key is:EWE1-2SGU-ATIE-IMQR

Tue Sep  3 18:47:16 2019:license file path is:D:\_ruanhaoyu\Test\BaiduFaceID_Offline_SDK_Test\Assets\Plugins\x64\license.ini

Tue Sep  3 18:47:16 2019:auth result in dll is success

Tue Sep  3 18:47:16 2019:db path is:D:\_ruanhaoyu\Test\BaiduFaceID_Offline_SDK_Test\Assets\Plugins\x64\db\face.db and db already exist

Tue Sep  3 18:47:16 2019:in sdk init create_db

Tue Sep  3 18:47:16 2019:out BaiduFaceApi::sdk_init and init success

Tue Sep  3 18:52:27 2019:license key is:EWE1-2SGU-ATIE-IMQR

Tue Sep  3 18:52:27 2019:license file path is:D:\_ruanhaoyu\Test\BaiduFaceID_Offline_SDK_Test\Assets\Plugins\x64\license.ini

Tue Sep  3 18:52:27 2019:auth result in dll is success

Tue Sep  3 18:52:27 2019:db path is:D:\_ruanhaoyu\Test\BaiduFaceID_Offline_SDK_Test\Assets\Plugins\x64\db\face.db and db already exist

Tue Sep  3 18:52:27 2019:in sdk init create_db

Tue Sep  3 18:52:27 2019:out BaiduFaceApi::sdk_init and init success

Tue Sep  3 18:57:37 2019:license key is:EWE1-2SGU-ATIE-IMQR

Tue Sep  3 18:57:37 2019:license file path is:D:\_ruanhaoyu\Test\BaiduFaceID_Offline_SDK_Test\Assets\Plugins\x64\license.ini

Tue Sep  3 18:57:37 2019:auth result in dll is success

Tue Sep  3 18:57:37 2019:db path is:D:\_ruanhaoyu\Test\BaiduFaceID_Offline_SDK_Test\Assets\Plugins\x64\db\face.db and db already exist

Tue Sep  3 18:57:37 2019:in sdk init create_db

Tue Sep  3 18:57:37 2019:out BaiduFaceApi::sdk_init and init success

Tue Sep  3 18:58:22 2019:license key is:EWE1-2SGU-ATIE-IMQR

Tue Sep  3 18:58:22 2019:license file path is:D:\_ruanhaoyu\Test\BaiduFaceID_Offline_SDK_Test\Assets\Plugins\x64\license.ini

Tue Sep  3 18:58:22 2019:auth result in dll is success

Tue Sep  3 18:58:22 2019:db path is:D:\_ruanhaoyu\Test\BaiduFaceID_Offline_SDK_Test\Assets\Plugins\x64\db\face.db and db already exist

Tue Sep  3 18:58:22 2019:in sdk init create_db

Tue Sep  3 18:58:22 2019:out BaiduFaceApi::sdk_init and init success

Tue Sep  3 19:02:36 2019:license key is:EWE1-2SGU-ATIE-IMQR

Tue Sep  3 19:02:36 2019:license file path is:D:\_ruanhaoyu\Test\BaiduFaceID_Offline_SDK_Test\Assets\Plugins\x64\license.ini

Tue Sep  3 19:02:36 2019:auth result in dll is success

Tue Sep  3 19:02:36 2019:db path is:D:\_ruanhaoyu\Test\BaiduFaceID_Offline_SDK_Test\Assets\Plugins\x64\db\face.db and db already exist

Tue Sep  3 19:02:36 2019:in sdk init create_db

Tue Sep  3 19:02:36 2019:out BaiduFaceApi::sdk_init and init success

Tue Sep  3 19:03:46 2019:license key is:EWE1-2SGU-ATIE-IMQR

Tue Sep  3 19:03:46 2019:license file path is:D:\_ruanhaoyu\Test\BaiduFaceID_Offline_SDK_Test\Assets\Plugins\x64\license.ini

Tue Sep  3 19:03:46 2019:auth result in dll is success

Tue Sep  3 19:03:46 2019:db path is:D:\_ruanhaoyu\Test\BaiduFaceID_Offline_SDK_Test\Assets\Plugins\x64\db\face.db and db already exist

Tue Sep  3 19:03:46 2019:in sdk init create_db

Tue Sep  3 19:03:46 2019:out BaiduFaceApi::sdk_init and init success

Tue Sep  3 19:09:25 2019:license key is:EWE1-2SGU-ATIE-IMQR

Tue Sep  3 19:09:25 2019:license file path is:D:\_ruanhaoyu\Test\BaiduFaceID_Offline_SDK_Test\Assets\Plugins\x64\license.ini

Tue Sep  3 19:09:25 2019:auth result in dll is success

Tue Sep  3 19:09:25 2019:db path is:D:\_ruanhaoyu\Test\BaiduFaceID_Offline_SDK_Test\Assets\Plugins\x64\db\face.db and db already exist

Tue Sep  3 19:09:25 2019:in sdk init create_db

Tue Sep  3 19:09:25 2019:out BaiduFaceApi::sdk_init and init success

Tue Sep  3 19:10:27 2019:license key is:EWE1-2SGU-ATIE-IMQR

Tue Sep  3 19:10:27 2019:license file path is:D:\_ruanhaoyu\Test\BaiduFaceID_Offline_SDK_Test\Assets\Plugins\x64\license.ini

Tue Sep  3 19:10:27 2019:auth result in dll is success

Tue Sep  3 19:10:27 2019:db path is:D:\_ruanhaoyu\Test\BaiduFaceID_Offline_SDK_Test\Assets\Plugins\x64\db\face.db and db already exist

Tue Sep  3 19:10:27 2019:in sdk init create_db

Tue Sep  3 19:10:27 2019:out BaiduFaceApi::sdk_init and init success

Tue Sep  3 19:11:52 2019:license key is:EWE1-2SGU-ATIE-IMQR

Tue Sep  3 19:11:52 2019:license file path is:D:\_ruanhaoyu\Test\BaiduFaceID_Offline_SDK_Test\Assets\Plugins\x64\license.ini

Tue Sep  3 19:11:52 2019:auth result in dll is success

Tue Sep  3 19:11:52 2019:db path is:D:\_ruanhaoyu\Test\BaiduFaceID_Offline_SDK_Test\Assets\Plugins\x64\db\face.db and db already exist

Tue Sep  3 19:11:52 2019:in sdk init create_db

Tue Sep  3 19:11:52 2019:out BaiduFaceApi::sdk_init and init success

Tue Sep  3 19:13:06 2019:license key is:EWE1-2SGU-ATIE-IMQR

Tue Sep  3 19:13:06 2019:license file path is:D:\_ruanhaoyu\Test\BaiduFaceID_Offline_SDK_Test\Assets\Plugins\x64\license.ini

Tue Sep  3 19:13:06 2019:auth result in dll is success

Tue Sep  3 19:13:06 2019:db path is:D:\_ruanhaoyu\Test\BaiduFaceID_Offline_SDK_Test\Assets\Plugins\x64\db\face.db and db already exist

Tue Sep  3 19:13:06 2019:in sdk init create_db

Tue Sep  3 19:13:06 2019:out BaiduFaceApi::sdk_init and init success

Tue Sep  3 19:16:08 2019:license key is:EWE1-2SGU-ATIE-IMQR

Tue Sep  3 19:16:08 2019:license file path is:D:\_ruanhaoyu\Test\BaiduFaceID_Offline_SDK_Test\Assets\Plugins\x64\license.ini

Tue Sep  3 19:16:08 2019:auth result in dll is success

Tue Sep  3 19:16:08 2019:db path is:D:\_ruanhaoyu\Test\BaiduFaceID_Offline_SDK_Test\Assets\Plugins\x64\db\face.db and db already exist

Tue Sep  3 19:16:08 2019:in sdk init create_db

Tue Sep  3 19:16:08 2019:out BaiduFaceApi::sdk_init and init success

Tue Sep  3 19:18:13 2019:license key is:EWE1-2SGU-ATIE-IMQR

Tue Sep  3 19:18:13 2019:license file path is:D:\_ruanhaoyu\Test\BaiduFaceID_Offline_SDK_Test\Assets\Plugins\x64\license.ini

Tue Sep  3 19:18:13 2019:auth result in dll is success

Tue Sep  3 19:18:13 2019:db path is:D:\_ruanhaoyu\Test\BaiduFaceID_Offline_SDK_Test\Assets\Plugins\x64\db\face.db and db already exist

Tue Sep  3 19:18:13 2019:in sdk init create_db

Tue Sep  3 19:18:13 2019:out BaiduFaceApi::sdk_init and init success

Tue Sep  3 19:18:43 2019:license key is:EWE1-2SGU-ATIE-IMQR

Tue Sep  3 19:18:43 2019:license file path is:D:\_ruanhaoyu\Test\BaiduFaceID_Offline_SDK_Test\Assets\Plugins\x64\license.ini

Tue Sep  3 19:18:43 2019:auth result in dll is success

Tue Sep  3 19:18:43 2019:db path is:D:\_ruanhaoyu\Test\BaiduFaceID_Offline_SDK_Test\Assets\Plugins\x64\db\face.db and db already exist

Tue Sep  3 19:18:43 2019:in sdk init create_db

Tue Sep  3 19:18:43 2019:out BaiduFaceApi::sdk_init and init success

Tue Sep  3 19:19:45 2019:license key is:EWE1-2SGU-ATIE-IMQR

Tue Sep  3 19:19:45 2019:license file path is:D:\_ruanhaoyu\Test\BaiduFaceID_Offline_SDK_Test\Assets\Plugins\x64\license.ini

Tue Sep  3 19:19:45 2019:auth result in dll is success

Tue Sep  3 19:19:45 2019:db path is:D:\_ruanhaoyu\Test\BaiduFaceID_Offline_SDK_Test\Assets\Plugins\x64\db\face.db and db already exist

Tue Sep  3 19:19:45 2019:in sdk init create_db

Tue Sep  3 19:19:45 2019:out BaiduFaceApi::sdk_init and init success

Tue Sep  3 19:23:43 2019:license key is:EWE1-2SGU-ATIE-IMQR

Tue Sep  3 19:23:43 2019:license file path is:D:\_ruanhaoyu\Test\BaiduFaceID_Offline_SDK_Test\Assets\Plugins\x64\license.ini

Tue Sep  3 19:23:43 2019:auth result in dll is success

Tue Sep  3 19:23:43 2019:db path is:D:\_ruanhaoyu\Test\BaiduFaceID_Offline_SDK_Test\Assets\Plugins\x64\db\face.db and db already exist

Tue Sep  3 19:23:43 2019:in sdk init create_db

Tue Sep  3 19:23:43 2019:out BaiduFaceApi::sdk_init and init success

Tue Sep  3 19:25:48 2019:license key is:EWE1-2SGU-ATIE-IMQR

Tue Sep  3 19:25:48 2019:license file path is:D:\_ruanhaoyu\Test\BaiduFaceID_Offline_SDK_Test\Assets\Plugins\x64\license.ini

Tue Sep  3 19:25:48 2019:auth result in dll is success

Tue Sep  3 19:25:48 2019:db path is:D:\_ruanhaoyu\Test\BaiduFaceID_Offline_SDK_Test\Assets\Plugins\x64\db\face.db and db already exist

Tue Sep  3 19:25:48 2019:in sdk init create_db

Tue Sep  3 19:25:48 2019:out BaiduFaceApi::sdk_init and init success

Tue Sep  3 19:26:40 2019:license key is:EWE1-2SGU-ATIE-IMQR

Tue Sep  3 19:26:40 2019:license file path is:D:\_ruanhaoyu\Test\BaiduFaceID_Offline_SDK_Test\Assets\Plugins\x64\license.ini

Tue Sep  3 19:26:40 2019:auth result in dll is success

Tue Sep  3 19:26:40 2019:db path is:D:\_ruanhaoyu\Test\BaiduFaceID_Offline_SDK_Test\Assets\Plugins\x64\db\face.db and db already exist

Tue Sep  3 19:26:40 2019:in sdk init create_db

Tue Sep  3 19:26:40 2019:out BaiduFaceApi::sdk_init and init success

Tue Sep  3 19:27:45 2019:license key is:EWE1-2SGU-ATIE-IMQR

Tue Sep  3 19:27:45 2019:license file path is:D:\_ruanhaoyu\Test\BaiduFaceID_Offline_SDK_Test\Assets\Plugins\x64\license.ini

Tue Sep  3 19:27:45 2019:auth result in dll is success

Tue Sep  3 19:27:45 2019:db path is:D:\_ruanhaoyu\Test\BaiduFaceID_Offline_SDK_Test\Assets\Plugins\x64\db\face.db and db already exist

Tue Sep  3 19:27:45 2019:in sdk init create_db

Tue Sep  3 19:27:45 2019:out BaiduFaceApi::sdk_init and init success

Tue Sep  3 19:30:08 2019:license key is:EWE1-2SGU-ATIE-IMQR

Tue Sep  3 19:30:08 2019:license file path is:D:\_ruanhaoyu\Test\BaiduFaceID_Offline_SDK_Test\Assets\Plugins\x64\license.ini

Tue Sep  3 19:30:08 2019:auth result in dll is success

Tue Sep  3 19:30:08 2019:db path is:D:\_ruanhaoyu\Test\BaiduFaceID_Offline_SDK_Test\Assets\Plugins\x64\db\face.db and db already exist

Tue Sep  3 19:30:08 2019:in sdk init create_db

Tue Sep  3 19:30:08 2019:out BaiduFaceApi::sdk_init and init success

Tue Sep  3 19:30:58 2019:license key is:EWE1-2SGU-ATIE-IMQR

Tue Sep  3 19:30:58 2019:license file path is:D:\_ruanhaoyu\Test\BaiduFaceID_Offline_SDK_Test\Assets\Plugins\x64\license.ini

Tue Sep  3 19:30:58 2019:auth result in dll is success

Tue Sep  3 19:30:58 2019:db path is:D:\_ruanhaoyu\Test\BaiduFaceID_Offline_SDK_Test\Assets\Plugins\x64\db\face.db and db already exist

Tue Sep  3 19:30:58 2019:in sdk init create_db

Tue Sep  3 19:30:58 2019:out BaiduFaceApi::sdk_init and init success

Tue Sep  3 19:32:09 2019:license key is:EWE1-2SGU-ATIE-IMQR

Tue Sep  3 19:32:09 2019:license file path is:D:\_ruanhaoyu\Test\BaiduFaceID_Offline_SDK_Test\Assets\Plugins\x64\license.ini

Tue Sep  3 19:32:09 2019:auth result in dll is success

Tue Sep  3 19:32:09 2019:db path is:D:\_ruanhaoyu\Test\BaiduFaceID_Offline_SDK_Test\Assets\Plugins\x64\db\face.db and db already exist

Tue Sep  3 19:32:09 2019:in sdk init create_db

Tue Sep  3 19:32:09 2019:out BaiduFaceApi::sdk_init and init success

Tue Sep  3 19:33:56 2019:license key is:EWE1-2SGU-ATIE-IMQR

Tue Sep  3 19:33:56 2019:license file path is:D:\_ruanhaoyu\Test\BaiduFaceID_Offline_SDK_Test\Assets\Plugins\x64\license.ini

Tue Sep  3 19:33:56 2019:auth result in dll is success

Tue Sep  3 19:33:56 2019:db path is:D:\_ruanhaoyu\Test\BaiduFaceID_Offline_SDK_Test\Assets\Plugins\x64\db\face.db and db already exist

Tue Sep  3 19:33:56 2019:in sdk init create_db

Tue Sep  3 19:33:56 2019:out BaiduFaceApi::sdk_init and init success

Tue Sep  3 19:36:17 2019:license key is:EWE1-2SGU-ATIE-IMQR

Tue Sep  3 19:36:17 2019:license file path is:D:\_ruanhaoyu\Test\BaiduFaceID_Offline_SDK_Test\Assets\Plugins\x64\license.ini

Tue Sep  3 19:36:17 2019:auth result in dll is success

Tue Sep  3 19:36:17 2019:db path is:D:\_ruanhaoyu\Test\BaiduFaceID_Offline_SDK_Test\Assets\Plugins\x64\db\face.db and db already exist

Tue Sep  3 19:36:17 2019:in sdk init create_db

Tue Sep  3 19:36:17 2019:out BaiduFaceApi::sdk_init and init success

Tue Sep  3 19:36:37 2019:license key is:EWE1-2SGU-ATIE-IMQR

Tue Sep  3 19:36:37 2019:license file path is:D:\_ruanhaoyu\Test\BaiduFaceID_Offline_SDK_Test\Assets\Plugins\x64\license.ini

Tue Sep  3 19:36:37 2019:auth result in dll is success

Tue Sep  3 19:36:37 2019:db path is:D:\_ruanhaoyu\Test\BaiduFaceID_Offline_SDK_Test\Assets\Plugins\x64\db\face.db and db already exist

Tue Sep  3 19:36:37 2019:in sdk init create_db

Tue Sep  3 19:36:37 2019:out BaiduFaceApi::sdk_init and init success

Tue Sep  3 19:37:45 2019:license key is:EWE1-2SGU-ATIE-IMQR

Tue Sep  3 19:37:45 2019:license file path is:D:\_ruanhaoyu\Test\BaiduFaceID_Offline_SDK_Test\Assets\Plugins\x64\license.ini

Tue Sep  3 19:37:45 2019:auth result in dll is success

Tue Sep  3 19:37:45 2019:db path is:D:\_ruanhaoyu\Test\BaiduFaceID_Offline_SDK_Test\Assets\Plugins\x64\db\face.db and db already exist

Tue Sep  3 19:37:45 2019:in sdk init create_db

Tue Sep  3 19:37:45 2019:out BaiduFaceApi::sdk_init and init success

Tue Sep  3 19:40:00 2019:license key is:EWE1-2SGU-ATIE-IMQR

Tue Sep  3 19:40:00 2019:license file path is:D:\_ruanhaoyu\Test\BaiduFaceID_Offline_SDK_Test\Assets\Plugins\x64\license.ini

Tue Sep  3 19:40:00 2019:auth result in dll is success

Tue Sep  3 19:40:00 2019:db path is:D:\_ruanhaoyu\Test\BaiduFaceID_Offline_SDK_Test\Assets\Plugins\x64\db\face.db and db already exist

Tue Sep  3 19:40:00 2019:in sdk init create_db

Tue Sep  3 19:40:00 2019:out BaiduFaceApi::sdk_init and init success

Tue Sep  3 19:42:00 2019:license key is:EWE1-2SGU-ATIE-IMQR

Tue Sep  3 19:42:00 2019:license file path is:D:\_ruanhaoyu\Test\BaiduFaceID_Offline_SDK_Test\Assets\Plugins\x64\license.ini

Tue Sep  3 19:42:00 2019:auth result in dll is success

Tue Sep  3 19:42:00 2019:db path is:D:\_ruanhaoyu\Test\BaiduFaceID_Offline_SDK_Test\Assets\Plugins\x64\db\face.db and db already exist

Tue Sep  3 19:42:00 2019:in sdk init create_db

Tue Sep  3 19:42:00 2019:out BaiduFaceApi::sdk_init and init success

Tue Sep  3 19:47:28 2019:license key is:EWE1-2SGU-ATIE-IMQR

Tue Sep  3 19:47:28 2019:license file path is:D:\_ruanhaoyu\Test\BaiduFaceID_Offline_SDK_Test\Assets\Plugins\x64\license.ini

Tue Sep  3 19:47:28 2019:auth result in dll is success

Tue Sep  3 19:47:28 2019:db path is:D:\_ruanhaoyu\Test\BaiduFaceID_Offline_SDK_Test\Assets\Plugins\x64\db\face.db and db already exist

Tue Sep  3 19:47:28 2019:in sdk init create_db

Tue Sep  3 19:47:28 2019:out BaiduFaceApi::sdk_init and init success

Tue Sep  3 19:52:54 2019:license key is:EWE1-2SGU-ATIE-IMQR

Tue Sep  3 19:52:54 2019:license file path is:D:\_ruanhaoyu\Test\BaiduFaceID_Offline_SDK_Test\Assets\Plugins\x64\license.ini

Tue Sep  3 19:52:54 2019:auth result in dll is success

Tue Sep  3 19:52:54 2019:db path is:D:\_ruanhaoyu\Test\BaiduFaceID_Offline_SDK_Test\Assets\Plugins\x64\db\face.db and db already exist

Tue Sep  3 19:52:54 2019:in sdk init create_db

Tue Sep  3 19:52:54 2019:out BaiduFaceApi::sdk_init and init success

Tue Sep  3 19:53:15 2019:license key is:EWE1-2SGU-ATIE-IMQR

Tue Sep  3 19:53:15 2019:license file path is:D:\_ruanhaoyu\Test\BaiduFaceID_Offline_SDK_Test\Assets\Plugins\x64\license.ini

Tue Sep  3 19:53:15 2019:auth result in dll is success

Tue Sep  3 19:53:15 2019:db path is:D:\_ruanhaoyu\Test\BaiduFaceID_Offline_SDK_Test\Assets\Plugins\x64\db\face.db and db already exist

Tue Sep  3 19:53:15 2019:in sdk init create_db

Tue Sep  3 19:53:15 2019:out BaiduFaceApi::sdk_init and init success

Tue Sep  3 19:59:11 2019:license key is:EWE1-2SGU-ATIE-IMQR

Tue Sep  3 19:59:11 2019:license file path is:D:\_ruanhaoyu\Test\BaiduFaceID_Offline_SDK_Test\Assets\Plugins\x64\license.ini

Tue Sep  3 19:59:11 2019:auth result in dll is success

Tue Sep  3 19:59:11 2019:db path is:D:\_ruanhaoyu\Test\BaiduFaceID_Offline_SDK_Test\Assets\Plugins\x64\db\face.db and db already exist

Tue Sep  3 19:59:11 2019:in sdk init create_db

Tue Sep  3 19:59:11 2019:out BaiduFaceApi::sdk_init and init success

Tue Sep  3 20:11:03 2019:license key is:EWE1-2SGU-ATIE-IMQR

Tue Sep  3 20:11:03 2019:license file path is:D:\_ruanhaoyu\Test\BaiduFaceID_Offline_SDK_Test\Assets\Plugins\x64\license.ini

Tue Sep  3 20:11:03 2019:auth result in dll is success

Tue Sep  3 20:11:03 2019:db path is:D:\_ruanhaoyu\Test\BaiduFaceID_Offline_SDK_Test\Assets\Plugins\x64\db\face.db and db already exist

Tue Sep  3 20:11:03 2019:in sdk init create_db

Tue Sep  3 20:11:03 2019:out BaiduFaceApi::sdk_init and init success

Tue Sep  3 20:11:16 2019:license key is:EWE1-2SGU-ATIE-IMQR

Tue Sep  3 20:11:16 2019:license file path is:D:\_ruanhaoyu\Test\BaiduFaceID_Offline_SDK_Test\Assets\Plugins\x64\license.ini

Tue Sep  3 20:11:16 2019:auth result in dll is success

Tue Sep  3 20:11:16 2019:db path is:D:\_ruanhaoyu\Test\BaiduFaceID_Offline_SDK_Test\Assets\Plugins\x64\db\face.db and db already exist

Tue Sep  3 20:11:16 2019:in sdk init create_db

Tue Sep  3 20:11:16 2019:out BaiduFaceApi::sdk_init and init success

Tue Sep  3 20:11:56 2019:license key is:EWE1-2SGU-ATIE-IMQR

Tue Sep  3 20:11:56 2019:license file path is:D:\_ruanhaoyu\Test\BaiduFaceID_Offline_SDK_Test\Assets\Plugins\x64\license.ini

Tue Sep  3 20:11:56 2019:auth result in dll is success

Tue Sep  3 20:11:56 2019:db path is:D:\_ruanhaoyu\Test\BaiduFaceID_Offline_SDK_Test\Assets\Plugins\x64\db\face.db and db already exist

Tue Sep  3 20:11:56 2019:in sdk init create_db

Tue Sep  3 20:11:56 2019:out BaiduFaceApi::sdk_init and init success

Tue Sep  3 20:12:35 2019:license key is:EWE1-2SGU-ATIE-IMQR

Tue Sep  3 20:12:35 2019:license file path is:D:\_ruanhaoyu\Test\BaiduFaceID_Offline_SDK_Test\Assets\Plugins\x64\license.ini

Tue Sep  3 20:12:35 2019:auth result in dll is success

Tue Sep  3 20:12:35 2019:db path is:D:\_ruanhaoyu\Test\BaiduFaceID_Offline_SDK_Test\Assets\Plugins\x64\db\face.db and db already exist

Tue Sep  3 20:12:35 2019:in sdk init create_db

Tue Sep  3 20:12:35 2019:out BaiduFaceApi::sdk_init and init success

Tue Sep  3 20:49:28 2019:license key is:EWE1-2SGU-ATIE-IMQR

Tue Sep  3 20:49:28 2019:license file path is:D:\_ruanhaoyu\Test\BaiduFaceID_Offline_SDK_Test\Assets\Plugins\x64\license.ini

Tue Sep  3 20:49:28 2019:auth result in dll is success

Tue Sep  3 20:49:28 2019:db path is:D:\_ruanhaoyu\Test\BaiduFaceID_Offline_SDK_Test\Assets\Plugins\x64\db\face.db and db already exist

Tue Sep  3 20:49:28 2019:in sdk init create_db

Tue Sep  3 20:49:28 2019:out BaiduFaceApi::sdk_init and init success

Tue Sep 10 15:47:49 2019:license key is:EWE1-2SGU-ATIE-IMQR

Tue Sep 10 15:47:49 2019:license file path is:D:\_ruanhaoyu\Test\BaiduFaceID_Offline_SDK_Test\Assets\Plugins\x64\license.ini

Tue Sep 10 15:47:49 2019:auth result in dll is success

Tue Sep 10 15:47:49 2019:db path is:D:\_ruanhaoyu\Test\BaiduFaceID_Offline_SDK_Test\Assets\Plugins\x64\db\face.db and db already exist

Tue Sep 10 15:47:49 2019:in sdk init create_db

Tue Sep 10 15:47:49 2019:out BaiduFaceApi::sdk_init and init success

Tue Sep 10 16:57:32 2019:license key is:EWE1-2SGU-ATIE-IMQR

Tue Sep 10 16:57:32 2019:license file path is:D:\_ruanhaoyu\Test\BaiduFaceID_Offline_SDK_Test\Assets\Plugins\x64\license.ini

Tue Sep 10 16:57:32 2019:auth result in dll is success

Tue Sep 10 16:57:32 2019:db path is:D:\_ruanhaoyu\Test\BaiduFaceID_Offline_SDK_Test\Assets\Plugins\x64\db\face.db and db already exist

Tue Sep 10 16:57:32 2019:in sdk init create_db

Tue Sep 10 16:57:32 2019:out BaiduFaceApi::sdk_init and init success

Tue Sep 10 17:10:56 2019:license key is:EWE1-2SGU-ATIE-IMQR

Tue Sep 10 17:10:56 2019:license file path is:D:\_ruanhaoyu\Test\BaiduFaceID_Offline_SDK_Test\Assets\Plugins\x64\license.ini

Tue Sep 10 17:10:56 2019:auth result in dll is success

Tue Sep 10 17:10:56 2019:db path is:D:\_ruanhaoyu\Test\BaiduFaceID_Offline_SDK_Test\Assets\Plugins\x64\db\face.db and db already exist

Tue Sep 10 17:10:56 2019:in sdk init create_db

Tue Sep 10 17:10:56 2019:out BaiduFaceApi::sdk_init and init success

Tue Sep 10 17:11:23 2019:license key is:EWE1-2SGU-ATIE-IMQR

Tue Sep 10 17:11:23 2019:license file path is:D:\_ruanhaoyu\Test\BaiduFaceID_Offline_SDK_Test\Assets\Plugins\x64\license.ini

Tue Sep 10 17:11:23 2019:auth result in dll is success

Tue Sep 10 17:11:23 2019:db path is:D:\_ruanhaoyu\Test\BaiduFaceID_Offline_SDK_Test\Assets\Plugins\x64\db\face.db and db already exist

Tue Sep 10 17:11:23 2019:in sdk init create_db

Tue Sep 10 17:11:23 2019:out BaiduFaceApi::sdk_init and init success

Tue Sep 10 17:37:15 2019:license key is:EWE1-2SGU-ATIE-IMQR

Tue Sep 10 17:37:15 2019:license file path is:D:\_ruanhaoyu\Test\BaiduFaceID_Offline_SDK_Test\Assets\Plugins\x64\license.ini

Tue Sep 10 17:37:15 2019:auth result in dll is success

Tue Sep 10 17:37:15 2019:db path is:D:\_ruanhaoyu\Test\BaiduFaceID_Offline_SDK_Test\Assets\Plugins\x64\db\face.db and begin create tables

Tue Sep 10 17:37:17 2019:in sdk init create_db

Tue Sep 10 17:37:17 2019:out BaiduFaceApi::sdk_init and init success

Tue Sep 10 19:11:02 2019:license key is:EWE1-2SGU-ATIE-IMQR

Tue Sep 10 19:11:02 2019:license file path is:D:\_ruanhaoyu\Test\BaiduFaceID_Offline_SDK_Test\Assets\Plugins\x64\license.ini

Tue Sep 10 19:11:02 2019:auth result in dll is success

Tue Sep 10 19:11:02 2019:db path is:D:\_ruanhaoyu\Test\BaiduFaceID_Offline_SDK_Test\Assets\Plugins\x64\db\face.db and db already exist

Tue Sep 10 19:11:02 2019:in sdk init create_db

Tue Sep 10 19:11:02 2019:out BaiduFaceApi::sdk_init and init success

Tue Sep 10 20:04:48 2019:license key is:EWE1-2SGU-ATIE-IMQR

Tue Sep 10 20:04:48 2019:license file path is:D:\_ruanhaoyu\Test\BaiduFaceID_Offline_SDK_Test\Assets\Plugins\x64\license.ini

Tue Sep 10 20:04:48 2019:auth result in dll is success

Tue Sep 10 20:04:48 2019:db path is:D:\_ruanhaoyu\Test\BaiduFaceID_Offline_SDK_Test\Assets\Plugins\x64\db\face.db and db already exist

Tue Sep 10 20:04:48 2019:in sdk init create_db

Tue Sep 10 20:04:48 2019:out BaiduFaceApi::sdk_init and init success

Tue Sep 10 20:05:14 2019:license key is:EWE1-2SGU-ATIE-IMQR

Tue Sep 10 20:05:14 2019:license file path is:D:\_ruanhaoyu\Test\BaiduFaceID_Offline_SDK_Test\Assets\Plugins\x64\license.ini

Tue Sep 10 20:05:14 2019:auth result in dll is success

Tue Sep 10 20:05:14 2019:db path is:D:\_ruanhaoyu\Test\BaiduFaceID_Offline_SDK_Test\Assets\Plugins\x64\db\face.db and db already exist

Tue Sep 10 20:05:14 2019:in sdk init create_db

Tue Sep 10 20:05:14 2019:out BaiduFaceApi::sdk_init and init success

Tue Sep 10 20:06:17 2019:license key is:EWE1-2SGU-ATIE-IMQR

Tue Sep 10 20:06:17 2019:license file path is:D:\_ruanhaoyu\Test\BaiduFaceID_Offline_SDK_Test\Assets\Plugins\x64\license.ini

Tue Sep 10 20:06:17 2019:auth result in dll is success

Tue Sep 10 20:06:17 2019:db path is:D:\_ruanhaoyu\Test\BaiduFaceID_Offline_SDK_Test\Assets\Plugins\x64\db\face.db and db already exist

Tue Sep 10 20:06:17 2019:in sdk init create_db

Tue Sep 10 20:06:17 2019:out BaiduFaceApi::sdk_init and init success

Tue Sep 10 20:09:16 2019:license key is:EWE1-2SGU-ATIE-IMQR

Tue Sep 10 20:09:16 2019:license file path is:D:\_ruanhaoyu\Test\BaiduFaceID_Offline_SDK_Test\Assets\Plugins\x64\license.ini

Tue Sep 10 20:09:16 2019:auth result in dll is success

Tue Sep 10 20:09:16 2019:db path is:D:\_ruanhaoyu\Test\BaiduFaceID_Offline_SDK_Test\Assets\Plugins\x64\db\face.db and db already exist

Tue Sep 10 20:09:16 2019:in sdk init create_db

Tue Sep 10 20:09:16 2019:out BaiduFaceApi::sdk_init and init success

Tue Sep 10 20:16:59 2019:license key is:EWE1-2SGU-ATIE-IMQR

Tue Sep 10 20:16:59 2019:license file path is:D:\_ruanhaoyu\Test\BaiduFaceID_Offline_SDK_Test\Assets\Plugins\x64\license.ini

Tue Sep 10 20:16:59 2019:auth result in dll is success

Tue Sep 10 20:16:59 2019:db path is:D:\_ruanhaoyu\Test\BaiduFaceID_Offline_SDK_Test\Assets\Plugins\x64\db\face.db and db already exist

Tue Sep 10 20:16:59 2019:in sdk init create_db

Tue Sep 10 20:16:59 2019:out BaiduFaceApi::sdk_init and init success

Wed Sep 11 11:00:10 2019:license key is:EWE1-2SGU-ATIE-IMQR

Wed Sep 11 11:00:10 2019:license file path is:D:\_ruanhaoyu\Test\BaiduFaceID_Offline_SDK_Test\Project\Assets\Plugins\x64\license.ini

Wed Sep 11 11:00:10 2019:auth result in dll is success

Wed Sep 11 11:00:10 2019:db path is:D:\_ruanhaoyu\Test\BaiduFaceID_Offline_SDK_Test\Project\Assets\Plugins\x64\db\face.db and db already exist

Wed Sep 11 11:00:10 2019:in sdk init create_db

Wed Sep 11 11:00:10 2019:out BaiduFaceApi::sdk_init and init success

Wed Sep 11 11:03:17 2019:license key is:EWE1-2SGU-ATIE-IMQR

Wed Sep 11 11:03:17 2019:license file path is:D:\_ruanhaoyu\Test\BaiduFaceID_Offline_SDK_Test\Project\Assets\Plugins\x64\license.ini

Wed Sep 11 11:03:17 2019:auth result in dll is success

Wed Sep 11 11:03:17 2019:db path is:D:\_ruanhaoyu\Test\BaiduFaceID_Offline_SDK_Test\Project\Assets\Plugins\x64\db\face.db and db already exist

Wed Sep 11 11:03:17 2019:in sdk init create_db

Wed Sep 11 11:03:17 2019:out BaiduFaceApi::sdk_init and init success

Wed Sep 11 11:11:10 2019:license key is:EWE1-2SGU-ATIE-IMQR

Wed Sep 11 11:11:10 2019:license file path is:D:\_ruanhaoyu\Test\BaiduFaceID_Offline_SDK_Test\Project\Assets\Plugins\x64\license.ini

Wed Sep 11 11:11:10 2019:auth result in dll is success

Wed Sep 11 11:11:10 2019:db path is:D:\_ruanhaoyu\Test\BaiduFaceID_Offline_SDK_Test\Project\Assets\Plugins\x64\db\face.db and db already exist

Wed Sep 11 11:11:10 2019:in sdk init create_db

Wed Sep 11 11:11:10 2019:out BaiduFaceApi::sdk_init and init success

